Log file open, 10/14/21 12:57:17
LogWindows: Failed to load 'aqProf.dll' (GetLastError=126)
LogWindows: File 'aqProf.dll' does not exist
LogWindows: Failed to load 'VSPerf140.dll' (GetLastError=126)
LogWindows: File 'VSPerf140.dll' does not exist
LogWindows: Failed to load 'VtuneApi.dll' (GetLastError=126)
LogWindows: File 'VtuneApi.dll' does not exist
LogWindows: Failed to load 'VtuneApi32e.dll' (GetLastError=126)
LogWindows: File 'VtuneApi32e.dll' does not exist
LogInit: Display: Running engine for game: MyProject
LogPlatformFile: Not using cached read wrapper
LogTaskGraph: Started task graph with 5 named threads and 23 total threads with 3 sets of task threads.
LogStats: Stats thread started at 0.348668
LogD3D11RHI: Loaded GFSDK_Aftermath_Lib.x64.dll
LogICUInternationalization: Display: ICU TimeZone Detection - Raw Offset: +2:00, Platform Override: ''
LogPluginManager: Mounting plugin Paper2D
LogPluginManager: Mounting plugin AISupport
LogPluginManager: Mounting plugin LightPropagationVolume
LogPluginManager: Mounting plugin CLionSourceCodeAccess
LogPluginManager: Mounting plugin CodeLiteSourceCodeAccess
LogPluginManager: Mounting plugin GitSourceControl
LogPluginManager: Mounting plugin KDevelopSourceCodeAccess
LogPluginManager: Mounting plugin NullSourceCodeAccess
LogPluginManager: Mounting plugin PerforceSourceControl
LogPluginManager: Mounting plugin SubversionSourceControl
LogPluginManager: Mounting plugin UObjectPlugin
LogPluginManager: Mounting plugin VisualStudioCodeSourceCodeAccess
LogPluginManager: Mounting plugin VisualStudioSourceCodeAccess
LogPluginManager: Mounting plugin XCodeSourceCodeAccess
LogPluginManager: Mounting plugin AssetManagerEditor
LogPluginManager: Mounting plugin CryptoKeys
LogPluginManager: Mounting plugin DataValidation
LogPluginManager: Mounting plugin FacialAnimation
LogPluginManager: Mounting plugin GameplayTagsEditor
LogPluginManager: Mounting plugin MacGraphicsSwitching
LogPluginManager: Mounting plugin MeshEditor
LogPluginManager: Mounting plugin MobileLauncherProfileWizard
LogPluginManager: Mounting plugin PluginBrowser
LogPluginManager: Mounting plugin SpeedTreeImporter
LogPluginManager: Mounting plugin DatasmithContent
LogPluginManager: Mounting plugin AlembicImporter
LogPluginManager: Mounting plugin AppleImageUtils
LogPluginManager: Mounting plugin AppleVision
LogPluginManager: Mounting plugin BackChannel
LogPluginManager: Mounting plugin CharacterAI
LogPluginManager: Mounting plugin GeometryCache
LogPluginManager: Mounting plugin HTML5Networking
LogPluginManager: Mounting plugin ProxyLODPlugin
LogPluginManager: Mounting plugin MagicLeap
LogPluginManager: Mounting plugin MagicLeapEmulator
LogPluginManager: Mounting plugin MagicLeapMedia
LogPluginManager: Mounting plugin AndroidMedia
LogPluginManager: Mounting plugin AvfMedia
LogPluginManager: Mounting plugin ImgMedia
LogPluginManager: Mounting plugin LinearTimecode
LogPluginManager: Mounting plugin MediaCompositing
LogPluginManager: Mounting plugin MediaPlayerEditor
LogPluginManager: Mounting plugin WmfMedia
LogPluginManager: Mounting plugin TcpMessaging
LogPluginManager: Mounting plugin UdpMessaging
LogPluginManager: Mounting plugin ActorSequence
LogPluginManager: Mounting plugin LevelSequenceEditor
LogPluginManager: Mounting plugin MatineeToLevelSequence
LogPluginManager: Mounting plugin NetcodeUnitTest
LogPluginManager: Mounting plugin NUTUnrealEngine4
LogPluginManager: Mounting plugin OnlineSubsystemGooglePlay
LogPluginManager: Mounting plugin OnlineSubsystemIOS
LogPluginManager: Mounting plugin OnlineSubsystem
LogPluginManager: Mounting plugin OnlineSubsystemNull
LogPluginManager: Mounting plugin OnlineSubsystemUtils
LogPluginManager: Mounting plugin LauncherChunkInstaller
LogPluginManager: Mounting plugin AndroidDeviceProfileSelector
LogPluginManager: Mounting plugin AndroidMoviePlayer
LogPluginManager: Mounting plugin AndroidPermission
LogPluginManager: Mounting plugin AppleMoviePlayer
LogPluginManager: Mounting plugin ArchVisCharacter
LogPluginManager: Mounting plugin AudioCapture
LogPluginManager: Mounting plugin CableComponent
LogPluginManager: Mounting plugin CustomMeshComponent
LogPluginManager: Mounting plugin EditableMesh
LogPluginManager: Mounting plugin ExampleDeviceProfileSelector
LogPluginManager: Mounting plugin GoogleCloudMessaging
LogPluginManager: Mounting plugin ImmediatePhysics
LogPluginManager: Mounting plugin IOSDeviceProfileSelector
LogPluginManager: Mounting plugin LinuxDeviceProfileSelector
LogPluginManager: Mounting plugin LocationServicesBPLibrary
LogPluginManager: Mounting plugin MobilePatchingUtils
LogPluginManager: Mounting plugin OculusVR
LogPluginManager: Plugin shader directory ../../../Engine/Plugins/Runtime/Oculus/OculusVR/Shaders found
LogPluginManager: Mapping shader source directory ../../../Engine/Plugins/Runtime/Oculus/OculusVR/Shaders to virtual directory /Plugin/OculusVR
LogPluginManager: Mounting plugin PhysXVehicles
LogPluginManager: Mounting plugin ProceduralMeshComponent
LogPluginManager: Mounting plugin RuntimePhysXCooking
LogPluginManager: Mounting plugin SteamVR
LogPluginManager: Mounting plugin WindowsMoviePlayer
LogStreaming: Display: Took  0.077s to configure plugins.
LogInit: Using libcurl 7.55.1-DEV
LogInit:  - built for x86_64-pc-win32
LogInit:  - supports SSL with OpenSSL/1.0.2h
LogInit:  - supports HTTP deflate (compression) using libz 1.2.8
LogInit:  - other features:
LogInit:      CURL_VERSION_SSL
LogInit:      CURL_VERSION_LIBZ
LogInit:      CURL_VERSION_IPV6
LogInit:      CURL_VERSION_ASYNCHDNS
LogInit:      CURL_VERSION_LARGEFILE
LogInit:      CURL_VERSION_IDN
LogInit:  CurlRequestOptions (configurable via config and command line):
LogInit:  - bVerifyPeer = false  - Libcurl will NOT verify peer certificate
LogInit:  - bUseHttpProxy = false  - Libcurl will NOT use HTTP proxy
LogInit:  - bDontReuseConnections = false  - Libcurl will reuse connections
LogInit:  - CertBundlePath = nullptr  - Libcurl will use whatever was configured at build time.
LogInit:  - MaxHostConnections = 16  - Libcurl will limit the number of connections to a host
LogInit:  - LocalHostAddr = Default
LogInit:  - BufferSize = 65536
LogInit: WinSock: version 1.1 (2.2), MaxSocks=32767, MaxUdp=65467
LogInit: Build: ++UE4+Release-4.20-CL-4233996
LogInit: Engine Version: 4.20.1-4233996+++UE4+Release-4.20
LogInit: Compatible Engine Version: 4.20.0-4212847+++UE4+Release-4.20
LogInit: Net CL: 4212847
LogInit: OS: Windows 10 (), CPU: Intel(R) Core(TM) i7-7700K CPU @ 4.20GHz, GPU: NVIDIA GeForce GTX 1080
LogInit: Compiled (64-bit): Jul 26 2018 10:07:30
LogInit: Compiled with Visual C++: 19.13.26129.00
LogInit: Build Configuration: Development
LogInit: Branch Name: ++UE4+Release-4.20
LogInit: Command Line:  
LogInit: Base Directory: C:/Program Files/Epic Games/UE_4.20/Engine/Binaries/Win64/
LogInit: Installed Engine Build: 1
LogDevObjectVersion: Number of dev versions registered: 20
LogDevObjectVersion:   Dev-Blueprints (B0D832E4-1F89-4F0D-ACCF-7EB736FD4AA2): 10
LogDevObjectVersion:   Dev-Build (E1C64328-A22C-4D53-A36C-8E866417BD8C): 0
LogDevObjectVersion:   Dev-Core (375EC13C-06E4-48FB-B500-84F0262A717E): 2
LogDevObjectVersion:   Dev-Editor (E4B068ED-F494-42E9-A231-DA0B2E46BB41): 24
LogDevObjectVersion:   Dev-Framework (CFFC743F-43B0-4480-9391-14DF171D2073): 34
LogDevObjectVersion:   Dev-Mobile (B02B49B5-BB20-44E9-A304-32B752E40360): 2
LogDevObjectVersion:   Dev-Networking (A4E4105C-59A1-49B5-A7C5-40C4547EDFEE): 0
LogDevObjectVersion:   Dev-Online (39C831C9-5AE6-47DC-9A44-9C173E1C8E7C): 0
LogDevObjectVersion:   Dev-Physics (78F01B33-EBEA-4F98-B9B4-84EACCB95AA2): 0
LogDevObjectVersion:   Dev-Platform (6631380F-2D4D-43E0-8009-CF276956A95A): 0
LogDevObjectVersion:   Dev-Rendering (12F88B9F-8875-4AFC-A67C-D90C383ABD29): 26
LogDevObjectVersion:   Dev-Sequencer (7B5AE74C-D270-4C10-A958-57980B212A5A): 9
LogDevObjectVersion:   Dev-VR (D7296918-1DD6-4BDD-9DE2-64A83CC13884): 2
LogDevObjectVersion:   Dev-LoadTimes (C2A15278-BFE7-4AFE-6C17-90FF531DF755): 1
LogDevObjectVersion:   Private-Geometry (6EACA3D4-40EC-4CC1-B786-8BED09428FC5): 3
LogDevObjectVersion:   Dev-AnimPhys (29E575DD-E0A3-4627-9D10-D276232CDCEA): 17
LogDevObjectVersion:   Dev-ReflectionCapture (6B266CEC-1EC7-4B8F-A30B-E4D90942FC07): 1
LogDevObjectVersion:   Dev-Automation (0DF73D61-A23F-47EA-B727-89E90C41499A): 1
LogDevObjectVersion:   FortniteMain (601D1886-AC64-4F84-AA16-D3DE0DEAC7D6): 12
LogDevObjectVersion:   Dev-Enterprise (9DFFBCD6-494F-0158-E221-12823C92A888): 1
LogStreaming: Display: Took  0.001s to delete old logs.
LogInit: Presizing for max 8388607 objects, including 0 objects not considered by GC, pre-allocating 0 bytes for permanent pool.
LogInit: Object subsystem initialized
[2021.10.14-09.57.18:003][  0]LogInit: Selected Device Profile: [Windows]
[2021.10.14-09.57.18:003][  0]LogInit: Applying CVar settings loaded from the selected device profile: [Windows]
[2021.10.14-09.57.18:010][  0]LogHAL: Display: Platform has ~ 16 GB [17120284672 / 17179869184 / 16], which maps to Larger [LargestMinGB=32, LargerMinGB=12, DefaultMinGB=8, SmallerMinGB=6, SmallestMinGB=0)
[2021.10.14-09.57.18:010][  0]LogInit: Setting Device Profile CVar: [[r.Vulkan.UseRealUBs:1]]
[2021.10.14-09.57.18:010][  0]LogInit: Going up to parent DeviceProfile []
[2021.10.14-09.57.18:010][  0]LogInit: Computer: DESKTOP-KTCUO5G
[2021.10.14-09.57.18:010][  0]LogInit: User: vovab
[2021.10.14-09.57.18:010][  0]LogInit: CPU Page size=4096, Cores=4
[2021.10.14-09.57.18:010][  0]LogInit: High frequency timer resolution =10.000000 MHz
[2021.10.14-09.57.18:010][  0]LogMemory: Memory total: Physical=15.9GB (16GB approx)
[2021.10.14-09.57.18:010][  0]LogMemory: Platform Memory Stats for Windows
[2021.10.14-09.57.18:010][  0]LogMemory: Process Physical Memory: 104.13 MB used, 104.13 MB peak
[2021.10.14-09.57.18:010][  0]LogMemory: Process Virtual Memory: 87.37 MB used, 87.37 MB peak
[2021.10.14-09.57.18:010][  0]LogMemory: Physical Memory: 4898.52 MB used,  11428.66 MB free, 16327.18 MB total
[2021.10.14-09.57.18:010][  0]LogMemory: Virtual Memory: 4625.50 MB used,  11428.66 MB free, 134217728.00 MB total
[2021.10.14-09.57.18:038][  0]LogInit: Using OS detected language (ru-RU).
[2021.10.14-09.57.18:038][  0]LogInit: Using OS detected locale (ru-UA).
[2021.10.14-09.57.18:038][  0]LogTextLocalizationManager: No specific localization for 'ru-RU' exists, so the 'ru' localization will be used.
[2021.10.14-09.57.18:040][  0]LogStreaming: Display: Took  0.002s to InitEngineTextLocalization.
[2021.10.14-09.57.18:040][  0]LogInit: Setting process to per monitor DPI aware
[2021.10.14-09.57.18:062][  0]LogSlate: New Slate User Created.  User Index 0, Is Virtual User: 0
[2021.10.14-09.57.18:062][  0]LogSlate: Slate User Registered.  User Index 0, Is Virtual User: 0
[2021.10.14-09.57.18:216][  0]LogHMD: Failed to initialize OpenVR with code 110
[2021.10.14-09.57.18:216][  0]LogD3D11RHI: D3D11 adapters:
[2021.10.14-09.57.18:314][  0]LogD3D11RHI:    0. 'NVIDIA GeForce GTX 1080' (Feature Level 11_0)
[2021.10.14-09.57.18:314][  0]LogD3D11RHI:       8079/0/8163 MB DedicatedVideo/DedicatedSystem/SharedSystem, Outputs:1, VendorId:0x10de
[2021.10.14-09.57.18:316][  0]LogD3D11RHI:    1. 'Microsoft Basic Render Driver' (Feature Level 11_0)
[2021.10.14-09.57.18:316][  0]LogD3D11RHI:       0/0/8163 MB DedicatedVideo/DedicatedSystem/SharedSystem, Outputs:0, VendorId:0x1414
[2021.10.14-09.57.18:316][  0]LogD3D11RHI: Chosen D3D11 Adapter: 0
[2021.10.14-09.57.18:320][  0]LogD3D11RHI: Creating new Direct3DDevice
[2021.10.14-09.57.18:320][  0]LogD3D11RHI:     GPU DeviceId: 0x1b80 (for the marketing name, search the web for "GPU Device Id")
[2021.10.14-09.57.18:320][  0]LogWindows: EnumDisplayDevices:
[2021.10.14-09.57.18:320][  0]LogWindows:    0. 'NVIDIA GeForce GTX 1080' (P:1 D:1)
[2021.10.14-09.57.18:320][  0]LogWindows:    1. 'NVIDIA GeForce GTX 1080' (P:0 D:0)
[2021.10.14-09.57.18:320][  0]LogWindows:    2. 'NVIDIA GeForce GTX 1080' (P:0 D:0)
[2021.10.14-09.57.18:321][  0]LogWindows:    3. 'NVIDIA GeForce GTX 1080' (P:0 D:0)
[2021.10.14-09.57.18:321][  0]LogWindows: DebugString: FoundDriverCount:4 
[2021.10.14-09.57.18:321][  0]LogD3D11RHI:     Adapter Name: NVIDIA GeForce GTX 1080
[2021.10.14-09.57.18:321][  0]LogD3D11RHI:   Driver Version: 461.40 (internal:27.21.14.6140, unified:461.40)
[2021.10.14-09.57.18:321][  0]LogD3D11RHI:      Driver Date: 1-22-2021
[2021.10.14-09.57.18:321][  0]LogRHI: Texture pool is 5655 MB (70% of 8079 MB)
[2021.10.14-09.57.18:388][  0]LogD3D11RHI: Async texture creation enabled
[2021.10.14-09.57.18:414][  0]LogD3D11RHI: GPU Timing Frequency: 1000.000000 (Debug: 2 1)
[2021.10.14-09.57.18:415][  0]LogShaderCompilers: Guid format shader working directory is -5 characters bigger than the processId version (D:/UnrealEngineProjects/UE4_Test_2D_game/MyProject/Intermediate/Shaders/WorkingDirectory/11440/).
[2021.10.14-09.57.18:415][  0]LogShaderCompilers: Cleaned the shader compiler working directory 'C:/Users/vovab/AppData/Local/Temp/UnrealShaderWorkingDir/273B58F744167B3FD0F72CAADA453B32/'.
[2021.10.14-09.57.18:633][  0]LogTemp: Display: Loaded TP AllDesktopTargetPlatform
[2021.10.14-09.57.18:644][  0]LogTemp: Display: Loaded TP MacClientTargetPlatform
[2021.10.14-09.57.18:656][  0]LogTemp: Display: Loaded TP MacNoEditorTargetPlatform
[2021.10.14-09.57.18:667][  0]LogTemp: Display: Loaded TP MacServerTargetPlatform
[2021.10.14-09.57.18:679][  0]LogTemp: Display: Loaded TP MacTargetPlatform
[2021.10.14-09.57.18:691][  0]LogTemp: Display: Loaded TP WindowsClientTargetPlatform
[2021.10.14-09.57.18:702][  0]LogTemp: Display: Loaded TP WindowsNoEditorTargetPlatform
[2021.10.14-09.57.18:713][  0]LogTemp: Display: Loaded TP WindowsServerTargetPlatform
[2021.10.14-09.57.18:718][  0]LogTemp: Display: Loaded TP WindowsTargetPlatform
[2021.10.14-09.57.18:781][  0]LogTemp: Display: Loaded TP AndroidTargetPlatform
[2021.10.14-09.57.18:781][  0]LogTemp: Display: Loaded TP AndroidTargetPlatform
[2021.10.14-09.57.18:781][  0]LogTemp: Display: Loaded TP AndroidTargetPlatform
[2021.10.14-09.57.18:781][  0]LogTemp: Display: Loaded TP AndroidTargetPlatform
[2021.10.14-09.57.18:781][  0]LogTemp: Display: Loaded TP AndroidTargetPlatform
[2021.10.14-09.57.18:781][  0]LogTemp: Display: Loaded TP AndroidTargetPlatform
[2021.10.14-09.57.18:781][  0]LogTemp: Display: Loaded TP AndroidTargetPlatform
[2021.10.14-09.57.18:781][  0]LogTemp: Display: Loaded TP AndroidTargetPlatform
[2021.10.14-09.57.18:781][  0]LogTemp: Display: Loaded TP AndroidTargetPlatform
[2021.10.14-09.57.18:781][  0]LogTemp: Display: Loaded TP AndroidTargetPlatform
[2021.10.14-09.57.18:781][  0]LogTemp: Display: Loaded TP AndroidTargetPlatform
[2021.10.14-09.57.18:781][  0]LogTemp: Display: Loaded TP AndroidTargetPlatform
[2021.10.14-09.57.18:781][  0]LogTemp: Display: Loaded TP AndroidTargetPlatform
[2021.10.14-09.57.18:781][  0]LogTemp: Display: Loaded TP AndroidTargetPlatform
[2021.10.14-09.57.18:781][  0]LogTemp: Display: Loaded TP AndroidTargetPlatform
[2021.10.14-09.57.18:781][  0]LogTemp: Display: Loaded TP AndroidTargetPlatform
[2021.10.14-09.57.18:781][  0]LogTemp: Display: Loaded TP AndroidTargetPlatform
[2021.10.14-09.57.18:781][  0]LogTemp: Display: Loaded TP AndroidTargetPlatform
[2021.10.14-09.57.18:782][  0]LogTemp: Display: Loaded TP HTML5TargetPlatform
[2021.10.14-09.57.18:837][  0]LogTemp: Display: Loaded TP IOSTargetPlatform
[2021.10.14-09.57.18:837][  0]LogTemp: Display: Loaded TP IOSTargetPlatform
[2021.10.14-09.57.18:855][  0]LogTemp: Display: Loaded TP TVOSTargetPlatform
[2021.10.14-09.57.18:855][  0]LogTemp: Display: Loaded TP TVOSTargetPlatform
[2021.10.14-09.57.18:865][  0]LogTemp: Display: Loaded TP LinuxClientTargetPlatform
[2021.10.14-09.57.18:875][  0]LogTemp: Display: Loaded TP LinuxNoEditorTargetPlatform
[2021.10.14-09.57.18:886][  0]LogTemp: Display: Loaded TP LinuxServerTargetPlatform
[2021.10.14-09.57.18:897][  0]LogTemp: Display: Loaded TP LinuxTargetPlatform
[2021.10.14-09.57.18:903][  0]LogTemp: Display: Loaded TP LuminTargetPlatform
[2021.10.14-09.57.18:903][  0]LogTargetPlatformManager: Display: Building Assets For Windows
[2021.10.14-09.57.18:947][  0]LogXGEController: Cleaning working directory: C:/Users/vovab/AppData/Local/Temp/UnrealXGEWorkingDir/
[2021.10.14-09.57.18:947][  0]LogXGEController: Cannot use XGE Controller as Incredibuild is not installed on this machine.
[2021.10.14-09.57.18:947][  0]LogShaderCompilers: Cannot use XGE Shader Compiler as Incredibuild is not installed on this machine.
[2021.10.14-09.57.18:947][  0]LogShaderCompilers: Display: Using Local Shader Compiler.
[2021.10.14-09.57.19:590][  0]LogDerivedDataCache: Display: Max Cache Size: 512 MB
[2021.10.14-09.57.19:630][  0]LogDerivedDataCache: Loaded boot cache 0.04s 71MB C:/Users/vovab/AppData/Local/UnrealEngine/4.20/DerivedDataCache/Boot.ddc.
[2021.10.14-09.57.19:631][  0]LogDerivedDataCache: Display: Loaded Boot cache: C:/Users/vovab/AppData/Local/UnrealEngine/4.20/DerivedDataCache/Boot.ddc
[2021.10.14-09.57.19:631][  0]LogDerivedDataCache: FDerivedDataBackendGraph:  Pak pak cache file D:/UnrealEngineProjects/UE4_Test_2D_game/MyProject/DerivedDataCache/DDC.ddp not found, will not use a pak cache.
[2021.10.14-09.57.19:631][  0]LogDerivedDataCache: Unable to find inner node Pak for hierarchical cache Hierarchy.
[2021.10.14-09.57.19:631][  0]LogDerivedDataCache: FDerivedDataBackendGraph:  CompressedPak pak cache file D:/UnrealEngineProjects/UE4_Test_2D_game/MyProject/DerivedDataCache/Compressed.ddp not found, will not use a pak cache.
[2021.10.14-09.57.19:631][  0]LogDerivedDataCache: Unable to find inner node CompressedPak for hierarchical cache Hierarchy.
[2021.10.14-09.57.19:642][  0]LogDerivedDataCache: Display: Pak cache opened for reading ../../../Engine/DerivedDataCache/Compressed.ddp.
[2021.10.14-09.57.19:654][  0]LogDerivedDataCache: Using Local data cache path C:/Users/vovab/AppData/Local/UnrealEngine/Common/DerivedDataCache: Writable
[2021.10.14-09.57.19:654][  0]LogDerivedDataCache: Shared data cache path not found in *engine.ini, will not use an Shared cache.
[2021.10.14-09.57.19:654][  0]LogDerivedDataCache: Unable to find inner node Shared for hierarchical cache Hierarchy.
[2021.10.14-09.57.19:669][  0]LogMaterial: Verifying Global Shaders for PCD3D_SM5
[2021.10.14-09.57.19:671][  0]LogSlate: Using FreeType 2.6.0
[2021.10.14-09.57.19:671][  0]LogSlate: SlateFontServices - WITH_FREETYPE: 1, WITH_HARFBUZZ: 1
[2021.10.14-09.57.19:732][  0]LogAssetRegistry: FAssetRegistry took 0.0256 seconds to start up
[2021.10.14-09.57.19:978][  0]LogInit: Selected Device Profile: [Windows]
[2021.10.14-09.57.20:082][  0]LogSimplygon: Simplygon DLL not present - disabling.
[2021.10.14-09.57.20:084][  0]LogMeshReduction: Using SimplygonSwarm for distributed automatic mesh merging
[2021.10.14-09.57.20:084][  0]LogMeshReduction: Using ProxyLODMeshReduction for automatic mesh merging
[2021.10.14-09.57.20:084][  0]LogMeshReduction: Using QuadricMeshReduction for automatic static mesh reduction
[2021.10.14-09.57.20:084][  0]LogMeshReduction: No automatic skeletal mesh reduction module available
[2021.10.14-09.57.20:094][  0]LogNetVersion: MyProject 1.0.0, NetCL: 4212847, EngineNetVer: 5, GameNetVer: 0 (Checksum: 1110078900)
[2021.10.14-09.57.20:461][  0]LogPackageLocalizationCache: Processed 11 localized package path(s) for 2 prioritized culture(s) in 0.057628 seconds
[2021.10.14-09.57.20:466][  0]LogUObjectArray: 38425 objects as part of root set at end of initial load.
[2021.10.14-09.57.20:466][  0]LogUObjectAllocator: 6690872 out of 0 bytes used by permanent object pool.
[2021.10.14-09.57.20:466][  0]LogUObjectArray: CloseDisregardForGC: 0/0 objects in disregard for GC pool
[2021.10.14-09.57.21:105][  0]LogTcpMessaging: Initializing TcpMessaging bridge
[2021.10.14-09.57.21:117][  0]LogUdpMessaging: Initializing bridge on interface 0.0.0.0:0 to multicast group 230.0.0.1:6666.
[2021.10.14-09.57.21:235][  0]SourceControl: Source control is disabled
[2021.10.14-09.57.21:235][  0]SourceControl: Source control is disabled
[2021.10.14-09.57.21:236][  0]SourceControl: Source control is disabled
[2021.10.14-09.57.21:237][  0]SourceControl: Source control is disabled
[2021.10.14-09.57.21:376][  0]LogAndroidPermission: UAndroidPermissionCallbackProxy::GetInstance
[2021.10.14-09.57.21:428][  0]LogOcInput: OculusInput pre-init called
[2021.10.14-09.57.21:475][  0]LogEngine: Initializing Engine...
[2021.10.14-09.57.21:476][  0]LogHMD: Failed to initialize OpenVR with code 110
[2021.10.14-09.57.21:477][  0]LogStats: UGameplayTagsManager::ConstructGameplayTagTree: ImportINI prefixes -  0.000 s
[2021.10.14-09.57.21:477][  0]LogStats: UGameplayTagsManager::ConstructGameplayTagTree: Construct from data asset -  0.000 s
[2021.10.14-09.57.21:477][  0]LogStats: UGameplayTagsManager::ConstructGameplayTagTree: ImportINI -  0.000 s
[2021.10.14-09.57.21:477][  0]LogStats: UGameplayTagsManager::ConstructGameplayTagTree: GameplayTagTreeChangedEvent.Broadcast -  0.000 s
[2021.10.14-09.57.21:630][  0]LogInit: Initializing FReadOnlyCVARCache
[2021.10.14-09.57.21:639][  0]LogAIModule: Creating AISystem for world Untitled
[2021.10.14-09.57.21:659][  0]LogInit: XAudio2 using 'Динамики (Realtek High Definition Audio)' : 2 channels at 48 kHz using 32 bits per sample (channel mask 0x3)
[2021.10.14-09.57.21:728][  0]LogInit: FAudioDevice initialized.
[2021.10.14-09.57.21:729][  0]LogNetVersion: Set ProjectVersion to 1.0.0.0. Version Checksum will be recalculated on next use.
[2021.10.14-09.57.21:788][  0]LogDerivedDataCache: Saved boot cache 0.06s 71MB C:/Users/vovab/AppData/Local/UnrealEngine/4.20/DerivedDataCache/Boot.ddc.
[2021.10.14-09.57.21:791][  0]LogInit: Texture streaming: Enabled
[2021.10.14-09.57.21:803][  0]LogEngineSessionManager: EngineSessionManager initialized
[2021.10.14-09.57.21:811][  0]LogInit: Transaction tracking system initialized
[2021.10.14-09.57.21:827][  0]BlueprintLog: New page: Editor Load
[2021.10.14-09.57.21:881][  0]LocalizationService: Localization service is disabled
[2021.10.14-09.57.21:926][  0]LogLinker: Warning: Can't find file '/Game/FirstPersonBP/FirstPersonOverview'
[2021.10.14-09.57.21:927][  0]LogLinker: Warning: Can't find file '/Game/FirstPersonBP/FirstPersonOverview'
[2021.10.14-09.57.21:927][  0]LogUObjectGlobals: Warning: Failed to find object 'Class /Game/FirstPersonBP/FirstPersonOverview.FirstPersonOverview_C'
[2021.10.14-09.57.22:073][  0]LogCook: Display: Max memory allowance for cook 16384mb min free memory 0mb
[2021.10.14-09.57.22:073][  0]LogCook: Display: Mobile HDR setting 1
[2021.10.14-09.57.22:073][  0]LogGameplayTags: Display: UGameplayTagsManager::DoneAddingNativeTags. DelegateIsBound: 0
[2021.10.14-09.57.22:073][  0]LogStats: UGameplayTagsManager::ConstructGameplayTagTree: ImportINI prefixes -  0.000 s
[2021.10.14-09.57.22:073][  0]LogStats: UGameplayTagsManager::ConstructGameplayTagTree: Construct from data asset -  0.000 s
[2021.10.14-09.57.22:073][  0]LogStats: UGameplayTagsManager::ConstructGameplayTagTree: ImportINI -  0.000 s
[2021.10.14-09.57.22:073][  0]LogStats: UGameplayTagsManager::ConstructGameplayTagTree: GameplayTagTreeChangedEvent.Broadcast -  0.000 s
[2021.10.14-09.57.22:159][  0]LogFileCache: Scanning file cache for directory 'D:/UnrealEngineProjects/UE4_Test_2D_game/MyProject/Content/' took 0.01s
[2021.10.14-09.57.22:159][  0]SourceControl: Source control is disabled
[2021.10.14-09.57.22:159][  0]Cmd: MAP LOAD FILE="D:/UnrealEngineProjects/UE4_Test_2D_game/MyProject/Content/мар/Level_06/level_06.umap" TEMPLATE=0 SHOWPROGRESS=1 FEATURELEVEL=3
[2021.10.14-09.57.22:159][  0]LightingResults: New page: Lighting Build
[2021.10.14-09.57.22:162][  0]MapCheck: New page: Map Check
[2021.10.14-09.57.22:162][  0]LightingResults: New page: Lighting Build
[2021.10.14-09.57.23:574][  0]LogAIModule: Creating AISystem for world level_06
[2021.10.14-09.57.23:601][  0]LogEditorServer: Finished looking for orphan Actors (0.000 secs)
[2021.10.14-09.57.23:627][  0]Cmd: MAP CHECKDEP NOCLEARLOG
[2021.10.14-09.57.23:706][  0]MapCheck: Map check complete: 0 Error(s), 0 Warning(s), took 78,782ms to complete.
[2021.10.14-09.57.23:706][  0]LogFileHelpers: Loading map 'level_06' took 1.548
[2021.10.14-09.57.23:790][  0]LogSlate: Updating window title bar state: overlay mode, drag disabled, window buttons hidden, title bar hidden
[2021.10.14-09.57.23:796][  0]LogSlate: Updating window title bar state: overlay mode, drag disabled, window buttons hidden, title bar hidden
[2021.10.14-09.57.23:802][  0]LogSlate: Updating window title bar state: overlay mode, drag disabled, window buttons hidden, title bar hidden
[2021.10.14-09.57.23:807][  0]LogSlate: Updating window title bar state: overlay mode, drag disabled, window buttons hidden, title bar hidden
[2021.10.14-09.57.23:811][  0]LogCollectionManager: Loaded 0 collections in 0.001161 seconds
[2021.10.14-09.57.23:849][  0]LogFileCache: Scanning file cache for directory 'D:/UnrealEngineProjects/UE4_Test_2D_game/MyProject/Saved/Collections/' took 0.01s
[2021.10.14-09.57.23:849][  0]LogFileCache: Scanning file cache for directory 'D:/UnrealEngineProjects/UE4_Test_2D_game/MyProject/Content/Developers/vovab/Collections/' took 0.01s
[2021.10.14-09.57.23:849][  0]LogFileCache: Scanning file cache for directory 'D:/UnrealEngineProjects/UE4_Test_2D_game/MyProject/Content/Collections/' took 0.01s
[2021.10.14-09.57.23:850][  0]LogCollectionManager: Rebuilt the GUID cache for 0 collections in 0.000000 seconds
[2021.10.14-09.57.23:856][  0]LogContentBrowser: Native class hierarchy populated in 0.0068 seconds. Added 2572 classes and 603 folders.
[2021.10.14-09.57.23:862][  0]LogContentBrowser: Native class hierarchy updated for 'WidgetCarousel' in 0.0002 seconds. Added 0 classes and 0 folders.
[2021.10.14-09.57.23:893][  0]LogContentBrowser: Native class hierarchy updated for 'AddContentDialog' in 0.0002 seconds. Added 0 classes and 0 folders.
[2021.10.14-09.57.23:910][  0]LogContentBrowser: Native class hierarchy updated for 'SceneOutliner' in 0.0002 seconds. Added 1 classes and 2 folders.
[2021.10.14-09.57.23:919][  0]LogContentBrowser: Native class hierarchy updated for 'WorldBrowser' in 0.0002 seconds. Added 2 classes and 3 folders.
[2021.10.14-09.57.23:980][  0]LogSlate: Took 0.000128 seconds to synchronously load lazily loaded font '../../../Engine/Content/Slate/Fonts/Roboto-Regular.ttf' (155K)
[2021.10.14-09.57.23:985][  0]LogSlate: Took 0.000172 seconds to synchronously load lazily loaded font '../../../Engine/Content/Slate/Fonts/Roboto-Bold.ttf' (160K)
[2021.10.14-09.57.23:987][  0]LogSlate: Took 0.000214 seconds to synchronously load lazily loaded font '../../../Engine/Content/Editor/Slate/Fonts/FontAwesome.ttf' (139K)
[2021.10.14-09.57.23:989][  0]LogSlate: Took 0.000091 seconds to synchronously load lazily loaded font '../../../Engine/Content/Slate/Fonts/DroidSansMono.ttf' (77K)
[2021.10.14-09.57.24:054][  0]LogRenderer: Reallocating scene render targets to support 1252x616 Format 10 NumSamples 1 (Frame:1).
[2021.10.14-09.57.24:151][  0]LogContentBrowser: Native class hierarchy updated for 'HierarchicalLODOutliner' in 0.0002 seconds. Added 0 classes and 0 folders.
[2021.10.14-09.57.24:151][  0]LogLoad: (Engine Initialization) Total time: 7.70 seconds
[2021.10.14-09.57.24:151][  0]LogLoad: (Engine Initialization) Total Blueprint compile time: 0.00 seconds
[2021.10.14-09.57.24:182][  0]LogContentStreaming: Texture pool size now 3000 MB
[2021.10.14-09.57.24:222][  0]LogSlate: Took 0.000118 seconds to synchronously load lazily loaded font '../../../Engine/Content/Slate/Fonts/Roboto-Light.ttf' (167K)
[2021.10.14-09.57.24:246][  1]LogAssetRegistry: Asset discovery search completed in 4.5363 seconds
[2021.10.14-09.57.24:247][  1]LogCollectionManager: Rebuilt the object cache for 0 collections in 0.000000 seconds (found 0 objects)
[2021.10.14-09.57.24:248][  1]LogCollectionManager: Fixed up redirectors for 0 collections in 0.000159 seconds (updated 0 objects)
[2021.10.14-09.57.25:186][109]LogSlate: Took 0.000170 seconds to synchronously load lazily loaded font '../../../Engine/Content/Slate/Fonts/Roboto-Light.ttf' (167K)
[2021.10.14-09.57.31:969][923]LogSlate: FSceneViewport::OnFocusLost() reason 0
[2021.10.14-09.57.32:204][935]LogAssetEditorManager: Opening Asset editor for Blueprint /Game/items/my_item_world/COM_my_inventary.COM_my_inventary
[2021.10.14-09.57.32:548][935]LogContentBrowser: Native class hierarchy updated for 'BlueprintGraph' in 0.0004 seconds. Added 116 classes and 0 folders.
[2021.10.14-09.57.33:181][935]LogAssetEditorManager: Opening Asset editor for Blueprint /Game/BP_player/character_paper_player.character_paper_player
[2021.10.14-09.57.33:484][935]LogSlate: Took 0.000170 seconds to synchronously load lazily loaded font '../../../Engine/Content/Slate/Fonts/Roboto-BoldCondensed.ttf' (158K)
[2021.10.14-09.57.33:803][936]LogSlate: Took 0.000176 seconds to synchronously load lazily loaded font '../../../Engine/Content/Slate/Fonts/Roboto-Italic.ttf' (157K)
[2021.10.14-09.57.36:315][173]LogSlate: Window 'COM_my_inventary' being destroyed
[2021.10.14-09.57.40:042][619]LogTemp: Repeating last play command: Selected Viewport
[2021.10.14-09.57.40:074][619]LogBlueprintUserMessages: Early PlayInEditor Detection: Level '/Game/мар/Level_06/level_06.level_06:PersistentLevel' has LevelScriptBlueprint '/Game/мар/Level_06/level_06.level_06:PersistentLevel.level_06' with GeneratedClass '/Game/мар/Level_06/level_06.level_06_C' with ClassGeneratedBy '/Game/мар/Level_06/level_06.level_06:PersistentLevel.level_06'
[2021.10.14-09.57.40:074][619]LogPlayLevel: PlayLevel: No blueprints needed recompiling
[2021.10.14-09.57.40:086][619]PIE: New page: PIE session: level_06 (14 окт. 2021, 15:57:40)
[2021.10.14-09.57.40:086][619]LogPlayLevel: Creating play world package: /Game/мар/Level_06/UEDPIE_0_level_06
[2021.10.14-09.57.40:092][619]LogPlayLevel: PIE: StaticDuplicateObject took: (0.005368s)
[2021.10.14-09.57.40:093][619]LogAIModule: Creating AISystem for world level_06
[2021.10.14-09.57.40:093][619]LogPlayLevel: PIE: World Init took: (0.000656s)
[2021.10.14-09.57.40:093][619]LogPlayLevel: PIE: Created PIE world by copying editor world from /Game/мар/Level_06/level_06.level_06 to /Game/мар/Level_06/UEDPIE_0_level_06.level_06 (0.006391s)
[2021.10.14-09.57.40:130][619]LogInit: XAudio2 using 'Динамики (Realtek High Definition Audio)' : 2 channels at 48 kHz using 32 bits per sample (channel mask 0x3)
[2021.10.14-09.57.40:142][619]LogInit: FAudioDevice initialized.
[2021.10.14-09.57.40:184][619]LogLoad: Game class is 'myGameMode_C'
[2021.10.14-09.57.40:189][619]LogWorld: Bringing World /Game/мар/Level_06/UEDPIE_0_level_06.level_06 up for play (max tick rate 0) at 2021.10.14-12.57.40
[2021.10.14-09.57.40:190][619]LogWorld: Bringing up level for play took: 0.005882
[2021.10.14-09.57.40:202][619]LogSpawn: Warning: SpawnActor failed because no class was specified
[2021.10.14-09.57.40:206][619]LogContentBrowser: Native class hierarchy updated for 'MovieSceneCapture' in 0.0002 seconds. Added 10 classes and 0 folders.
[2021.10.14-09.57.40:222][619]PIE: Play in editor start time for /Game/мар/Level_06/UEDPIE_0_level_06 0,019
[2021.10.14-09.57.40:223][619]LogBlueprintUserMessages: Late PlayInEditor Detection: Level '/Game/мар/Level_06/level_06.level_06:PersistentLevel' has LevelScriptBlueprint '/Game/мар/Level_06/level_06.level_06:PersistentLevel.level_06' with GeneratedClass '/Game/мар/Level_06/level_06.level_06_C' with ClassGeneratedBy '/Game/мар/Level_06/level_06.level_06:PersistentLevel.level_06'
[2021.10.14-09.57.49:012][672]PIE: UWidget::RemoveFromParent() called on '/Engine/Transient.UnrealEdEngine_0:myGameInstance_C_0.UI_my_inventory_item_C_0' which has no UMG parent (if it was added directly to a native Slate widget via TakeWidget() then it must be removed explicitly rather than via RemoveFromParent())
[2021.10.14-09.57.50:779][884]LogSlate: FSceneViewport::OnFocusLost() reason 0
[2021.10.14-09.57.52:404][ 79]LogBlueprintUserMessages: [COM_my_inventary] 7
[2021.10.14-09.57.53:720][237]LogBlueprintUserMessages: [COM_my_inventary] 6
[2021.10.14-09.57.54:929][382]LogBlueprintUserMessages: [COM_my_inventary] 5
[2021.10.14-09.57.56:255][541]LogBlueprintUserMessages: [COM_my_inventary] 4
[2021.10.14-09.57.57:637][707]LogBlueprintUserMessages: [COM_my_inventary] 3
[2021.10.14-09.57.58:671][831]LogBlueprintUserMessages: [COM_my_inventary] 2
[2021.10.14-09.58.01:146][128]LogBlueprintUserMessages: [COM_my_inventary] 1
[2021.10.14-09.58.02:971][347]LogBlueprintUserMessages: [COM_my_inventary] 0
[2021.10.14-09.58.08:705][ 35]LogSlate: FSceneViewport::OnFocusLost() reason 0
[2021.10.14-09.58.09:931][182]LogBlueprintUserMessages: Early EndPlayMap Detection: Level '/Game/мар/Level_06/level_06.level_06:PersistentLevel' has LevelScriptBlueprint '/Game/мар/Level_06/level_06.level_06:PersistentLevel.level_06' with GeneratedClass '/Game/мар/Level_06/level_06.level_06_C' with ClassGeneratedBy '/Game/мар/Level_06/level_06.level_06:PersistentLevel.level_06'
[2021.10.14-09.58.09:932][182]LogSlate: Updating window title bar state: overlay mode, drag disabled, window buttons hidden, title bar hidden
[2021.10.14-09.58.09:963][182]LogPlayLevel: Display: Shutting down PIE online subsystems
[2021.10.14-09.58.09:963][182]LogBlueprintUserMessages: Late EndPlayMap Detection: Level '/Game/мар/Level_06/level_06.level_06:PersistentLevel' has LevelScriptBlueprint '/Game/мар/Level_06/level_06.level_06:PersistentLevel.level_06' with GeneratedClass '/Game/мар/Level_06/level_06.level_06_C' with ClassGeneratedBy '/Game/мар/Level_06/level_06.level_06:PersistentLevel.level_06'
[2021.10.14-09.58.09:990][182]LogSlate: Updating window title bar state: overlay mode, drag disabled, window buttons hidden, title bar hidden
[2021.10.14-09.58.10:037][186]LogPlayLevel: Display: Destroying online subsystem :Context_3
[2021.10.14-09.58.22:904][730]LogSlate: FSceneViewport::OnFocusLost() reason 0
[2021.10.14-09.58.22:999][740]Cmd: OBJ SAVEPACKAGE PACKAGE="/Game/мар/Level_06/level_06" FILE="D:/UnrealEngineProjects/UE4_Test_2D_game/MyProject/Content/мар/Level_06/level_06.umap" SILENT=true AUTOSAVING=false KEEPDIRTY=false
[2021.10.14-09.58.23:195][740]LogSavePackage: Moving 'D:/UnrealEngineProjects/UE4_Test_2D_game/MyProject/Saved/level_06A1F756554AA3BA08A84C83BD3F35C5BA.tmp' to 'D:/UnrealEngineProjects/UE4_Test_2D_game/MyProject/Content/мар/Level_06/level_06.umap'
[2021.10.14-09.58.27:283][195]LogSlate: Window 'MyProject - Unreal Editor' being destroyed
[2021.10.14-09.58.27:455][196]Cmd: QUIT_EDITOR
[2021.10.14-09.58.27:727][196]LogWindowsTextInputMethodSystem: Display: IME system now deactivated.
[2021.10.14-09.58.27:733][196]LogExit: Preparing to exit.
[2021.10.14-09.58.28:196][196]LogExit: Editor shut down
[2021.10.14-09.58.28:196][196]LogExit: Transaction tracking system shut down
[2021.10.14-09.58.28:512][196]LogExit: Object subsystem successfully closed.
[2021.10.14-09.58.28:534][196]LogShaderCompilers: Display: Shaders left to compile 0
[2021.10.14-09.58.28:537][196]LogD3D11RHI: Shutdown
[2021.10.14-09.58.28:537][196]LogD3D11RHI: CleanupD3DDevice
[2021.10.14-09.58.28:538][196]LogD3D11RHI: ~FD3D11DynamicRHI
[2021.10.14-09.58.28:554][196]LogModuleManager: Shutting down and abandoning module MovieSceneCapture (618)
[2021.10.14-09.58.28:554][196]LogModuleManager: Shutting down and abandoning module Voice (616)
[2021.10.14-09.58.28:554][196]LogModuleManager: Shutting down and abandoning module BlueprintGraph (614)
[2021.10.14-09.58.28:554][196]LogModuleManager: Shutting down and abandoning module HierarchicalLODOutliner (612)
[2021.10.14-09.58.28:554][196]LogModuleManager: Shutting down and abandoning module WorldBrowser (610)
[2021.10.14-09.58.28:554][196]LogModuleManager: Shutting down and abandoning module SceneOutliner (608)
[2021.10.14-09.58.28:554][196]LogModuleManager: Shutting down and abandoning module AddContentDialog (606)
[2021.10.14-09.58.28:555][196]LogModuleManager: Shutting down and abandoning module WidgetCarousel (605)
[2021.10.14-09.58.28:555][196]LogModuleManager: Shutting down and abandoning module EditorWidgets (602)
[2021.10.14-09.58.28:555][196]LogModuleManager: Shutting down and abandoning module CollectionManager (600)
[2021.10.14-09.58.28:555][196]LogModuleManager: Shutting down and abandoning module StatsViewer (598)
[2021.10.14-09.58.28:555][196]LogModuleManager: Shutting down and abandoning module FoliageEdit (596)
[2021.10.14-09.58.28:555][196]LogModuleManager: Shutting down and abandoning module LandscapeEditor (594)
[2021.10.14-09.58.28:555][196]LogModuleManager: Shutting down and abandoning module MeshPaintMode (592)
[2021.10.14-09.58.28:555][196]LogModuleManager: Shutting down and abandoning module SceneDepthPickerMode (590)
[2021.10.14-09.58.28:555][196]LogModuleManager: Shutting down and abandoning module ActorPickerMode (588)
[2021.10.14-09.58.28:555][196]LogModuleManager: Shutting down and abandoning module GeometryMode (586)
[2021.10.14-09.58.28:555][196]LogModuleManager: Shutting down and abandoning module TextureAlignMode (584)
[2021.10.14-09.58.28:555][196]LogModuleManager: Shutting down and abandoning module BspMode (582)
[2021.10.14-09.58.28:555][196]LogModuleManager: Shutting down and abandoning module PIEPreviewDeviceProfileSelector (580)
[2021.10.14-09.58.28:555][196]LogModuleManager: Shutting down and abandoning module SequenceRecorderSections (578)
[2021.10.14-09.58.28:555][196]LogModuleManager: Shutting down and abandoning module AutomationWorker (576)
[2021.10.14-09.58.28:555][196]LogModuleManager: Shutting down and abandoning module AudioCaptureEditor (574)
[2021.10.14-09.58.28:555][196]LogModuleManager: Shutting down and abandoning module SequenceRecorder (573)
[2021.10.14-09.58.28:555][196]LogModuleManager: Shutting down and abandoning module MatineeToLevelSequence (570)
[2021.10.14-09.58.28:555][196]LogModuleManager: Shutting down and abandoning module LevelSequenceEditor (568)
[2021.10.14-09.58.28:555][196]LogModuleManager: Shutting down and abandoning module PlacementMode (567)
[2021.10.14-09.58.28:555][196]LogModuleManager: Shutting down and abandoning module MaterialEditor (566)
[2021.10.14-09.58.28:555][196]LogModuleManager: Shutting down and abandoning module WmfMediaFactory (562)
[2021.10.14-09.58.28:555][196]LogModuleManager: Shutting down and abandoning module WmfMediaEditor (560)
[2021.10.14-09.58.28:555][196]LogModuleManager: Shutting down and abandoning module MediaPlayerEditor (558)
[2021.10.14-09.58.28:555][196]LogModuleManager: Shutting down and abandoning module OpenExrWrapper (556)
[2021.10.14-09.58.28:555][196]LogModuleManager: Shutting down and abandoning module ImgMediaFactory (554)
[2021.10.14-09.58.28:555][196]LogModuleManager: Shutting down and abandoning module ImgMediaEditor (552)
[2021.10.14-09.58.28:555][196]LogModuleManager: Shutting down and abandoning module AvfMediaFactory (550)
[2021.10.14-09.58.28:555][196]LogModuleManager: Shutting down and abandoning module AvfMediaEditor (548)
[2021.10.14-09.58.28:555][196]LogModuleManager: Shutting down and abandoning module AndroidMediaFactory (546)
[2021.10.14-09.58.28:555][196]LogModuleManager: Shutting down and abandoning module AndroidMediaEditor (544)
[2021.10.14-09.58.28:555][196]LogModuleManager: Shutting down and abandoning module MagicLeapCameraPreviewFactory (542)
[2021.10.14-09.58.28:555][196]LogModuleManager: Shutting down and abandoning module MagicLeapMediaFactory (540)
[2021.10.14-09.58.28:555][196]LogModuleManager: Shutting down and abandoning module MagicLeapMediaEditor (538)
[2021.10.14-09.58.28:555][196]LogModuleManager: Shutting down and abandoning module CharacterAI (536)
[2021.10.14-09.58.28:555][196]LogModuleManager: Shutting down and abandoning module SmartSnapping (534)
[2021.10.14-09.58.28:555][196]LogModuleManager: Shutting down and abandoning module SessionServices (532)
[2021.10.14-09.58.28:555][196]LogModuleManager: Shutting down and abandoning module ViewportSnapping (530)
[2021.10.14-09.58.28:555][196]LogModuleManager: Shutting down and abandoning module ViewportInteraction (528)
[2021.10.14-09.58.28:555][196]LogModuleManager: Shutting down and abandoning module ClothPainter (526)
[2021.10.14-09.58.28:555][196]LogModuleManager: Shutting down and abandoning module SkeletalMeshEditor (525)
[2021.10.14-09.58.28:555][196]LogModuleManager: Shutting down and abandoning module LogVisualizer (522)
[2021.10.14-09.58.28:555][196]LogModuleManager: Shutting down and abandoning module IntroTutorials (520)
[2021.10.14-09.58.28:556][196]LogModuleManager: Shutting down and abandoning module GameProjectGeneration (519)
[2021.10.14-09.58.28:556][196]LogModuleManager: Shutting down and abandoning module LuminPlatformEditor (516)
[2021.10.14-09.58.28:556][196]LogModuleManager: Shutting down and abandoning module IOSPlatformEditor (514)
[2021.10.14-09.58.28:556][196]LogModuleManager: Shutting down and abandoning module HTML5PlatformEditor (512)
[2021.10.14-09.58.28:556][196]LogModuleManager: Shutting down and abandoning module AndroidPlatformEditor (510)
[2021.10.14-09.58.28:556][196]LogModuleManager: Shutting down and abandoning module AndroidDeviceDetection (509)
[2021.10.14-09.58.28:946][196]LogModuleManager: Shutting down and abandoning module WindowsPlatformEditor (506)
[2021.10.14-09.58.28:946][196]LogModuleManager: Shutting down and abandoning module LuminRuntimeSettings (504)
[2021.10.14-09.58.28:946][196]LogModuleManager: Shutting down and abandoning module IOSRuntimeSettings (502)
[2021.10.14-09.58.28:946][196]LogModuleManager: Shutting down and abandoning module AndroidRuntimeSettings (500)
[2021.10.14-09.58.28:946][196]LogModuleManager: Shutting down and abandoning module InputBindingEditor (498)
[2021.10.14-09.58.28:946][196]LogModuleManager: Shutting down and abandoning module MergeActors (496)
[2021.10.14-09.58.28:946][196]LogModuleManager: Shutting down and abandoning module LocalizationDashboard (494)
[2021.10.14-09.58.28:946][196]LogModuleManager: Shutting down and abandoning module LocalizationService (493)
[2021.10.14-09.58.28:946][196]LogModuleManager: Shutting down and abandoning module HardwareTargeting (490)
[2021.10.14-09.58.28:946][196]LogModuleManager: Shutting down and abandoning module DeviceProfileEditor (488)
[2021.10.14-09.58.28:946][196]LogModuleManager: Shutting down and abandoning module UndoHistory (486)
[2021.10.14-09.58.28:946][196]LogModuleManager: Shutting down and abandoning module XmlParser (484)
[2021.10.14-09.58.28:946][196]LogModuleManager: Shutting down and abandoning module Blutility (482)
[2021.10.14-09.58.28:946][196]LogModuleManager: Shutting down and abandoning module ProjectSettingsViewer (480)
[2021.10.14-09.58.28:946][196]LogModuleManager: Shutting down and abandoning module ProjectTargetPlatformEditor (479)
[2021.10.14-09.58.28:946][196]LogModuleManager: Shutting down and abandoning module EditorSettingsViewer (476)
[2021.10.14-09.58.28:946][196]LogModuleManager: Shutting down and abandoning module SettingsEditor (474)
[2021.10.14-09.58.28:946][196]LogModuleManager: Shutting down and abandoning module ProjectLauncher (472)
[2021.10.14-09.58.28:946][196]LogModuleManager: Shutting down and abandoning module SessionFrontend (470)
[2021.10.14-09.58.28:946][196]LogModuleManager: Shutting down and abandoning module ProfilerClient (468)
[2021.10.14-09.58.28:946][196]LogModuleManager: Shutting down and abandoning module DeviceManager (466)
[2021.10.14-09.58.28:946][196]LogModuleManager: Shutting down and abandoning module TargetDeviceServices (465)
[2021.10.14-09.58.29:002][196]LogModuleManager: Shutting down and abandoning module AutomationController (462)
[2021.10.14-09.58.29:002][196]LogModuleManager: Shutting down and abandoning module AutomationWindow (460)
[2021.10.14-09.58.29:002][196]LogModuleManager: Shutting down and abandoning module Layers (458)
[2021.10.14-09.58.29:002][196]LogModuleManager: Shutting down and abandoning module ComponentVisualizers (456)
[2021.10.14-09.58.29:002][196]LogModuleManager: Shutting down and abandoning module DetailCustomizations (454)
[2021.10.14-09.58.29:002][196]LogModuleManager: Shutting down and abandoning module PackagesDialog (452)
[2021.10.14-09.58.29:002][196]LogModuleManager: Shutting down and abandoning module Persona (450)
[2021.10.14-09.58.29:002][196]LogModuleManager: Shutting down and abandoning module AdvancedPreviewScene (449)
[2021.10.14-09.58.29:002][196]LogModuleManager: Shutting down and abandoning module AnimGraph (447)
[2021.10.14-09.58.29:002][196]LogModuleManager: Shutting down and abandoning module Kismet (444)
[2021.10.14-09.58.29:006][196]LogModuleManager: Shutting down and abandoning module GraphEditor (442)
[2021.10.14-09.58.29:006][196]LogModuleManager: Shutting down and abandoning module ClassViewer (440)
[2021.10.14-09.58.29:006][196]LogModuleManager: Shutting down and abandoning module Toolbox (438)
[2021.10.14-09.58.29:006][196]LogModuleManager: Shutting down and abandoning module ModuleUI (436)
[2021.10.14-09.58.29:006][196]LogModuleManager: Shutting down and abandoning module MovieSceneTools (434)
[2021.10.14-09.58.29:006][196]LogModuleManager: Shutting down and abandoning module OutputLog (432)
[2021.10.14-09.58.29:006][196]LogModuleManager: Shutting down and abandoning module GammaUI (430)
[2021.10.14-09.58.29:006][196]LogModuleManager: Shutting down and abandoning module Documentation (428)
[2021.10.14-09.58.29:006][196]LogModuleManager: Shutting down and abandoning module MovieSceneTracks (426)
[2021.10.14-09.58.29:006][196]LogModuleManager: Shutting down and abandoning module MovieScene (424)
[2021.10.14-09.58.29:007][196]LogModuleManager: Shutting down and abandoning module StreamingPauseRendering (422)
[2021.10.14-09.58.29:007][196]LogModuleManager: Shutting down and abandoning module LauncherPlatform (420)
[2021.10.14-09.58.29:007][196]LogModuleManager: Shutting down and abandoning module AnalyticsET (418)
[2021.10.14-09.58.29:007][196]LogModuleManager: Shutting down and abandoning module PortalServices (416)
[2021.10.14-09.58.29:007][196]LogModuleManager: Shutting down and abandoning module PortalRpc (414)
[2021.10.14-09.58.29:007][196]LogModuleManager: Shutting down and abandoning module MessagingRpc (412)
[2021.10.14-09.58.29:007][196]LogModuleManager: Shutting down and abandoning module AIModule (410)
[2021.10.14-09.58.29:007][196]LogModuleManager: Shutting down and abandoning module GameplayDebugger (409)
[2021.10.14-09.58.29:007][196]LogModuleManager: Shutting down and abandoning module AITestSuite (407)
[2021.10.14-09.58.29:007][196]LogModuleManager: Shutting down and abandoning module NavigationSystem (405)
[2021.10.14-09.58.29:007][196]LogModuleManager: Shutting down and abandoning module DesktopPlatform (402)
[2021.10.14-09.58.29:007][196]LogModuleManager: Shutting down and abandoning module ProfilerService (400)
[2021.10.14-09.58.29:063][196]LogModuleManager: Shutting down and abandoning module TaskGraph (398)
[2021.10.14-09.58.29:063][196]LogModuleManager: Shutting down and abandoning module SteamVRController (396)
[2021.10.14-09.58.29:063][196]LogModuleManager: Shutting down and abandoning module ProceduralMeshComponentEditor (394)
[2021.10.14-09.58.29:063][196]LogModuleManager: Shutting down and abandoning module ProceduralMeshComponent (392)
[2021.10.14-09.58.29:063][196]LogModuleManager: Shutting down and abandoning module OculusInput (390)
[2021.10.14-09.58.29:063][196]LogModuleManager: Shutting down and abandoning module MobilePatchingUtils (388)
[2021.10.14-09.58.29:063][196]LogModuleManager: Shutting down and abandoning module EditableMesh (386)
[2021.10.14-09.58.29:063][196]LogModuleManager: Shutting down and abandoning module CustomMeshComponent (384)
[2021.10.14-09.58.29:063][196]LogModuleManager: Shutting down and abandoning module CableComponent (382)
[2021.10.14-09.58.29:063][196]LogModuleManager: Shutting down and abandoning module AudioCapture (380)
[2021.10.14-09.58.29:063][196]LogModuleManager: Shutting down and abandoning module ArchVisCharacter (378)
[2021.10.14-09.58.29:063][196]LogModuleManager: Shutting down and abandoning module AndroidPermission (376)
[2021.10.14-09.58.29:063][196]LogModuleManager: Shutting down and abandoning module NUTUnrealEngine4 (374)
[2021.10.14-09.58.29:063][196]LogModuleManager: Shutting down and abandoning module NetcodeUnitTest (372)
[2021.10.14-09.58.29:063][196]LogModuleManager: Shutting down and abandoning module MediaCompositingEditor (370)
[2021.10.14-09.58.29:063][196]LogModuleManager: Shutting down and abandoning module MediaCompositing (368)
[2021.10.14-09.58.29:063][196]LogModuleManager: Shutting down and abandoning module LinearTimecode (366)
[2021.10.14-09.58.29:063][196]LogModuleManager: Shutting down and abandoning module ImgMedia (364)
[2021.10.14-09.58.29:066][196]LogModuleManager: Shutting down and abandoning module HTML5Networking (362)
[2021.10.14-09.58.29:066][196]LogModuleManager: Shutting down and abandoning module GeometryCacheTracks (360)
[2021.10.14-09.58.29:066][196]LogModuleManager: Shutting down and abandoning module GeometryCacheSequencer (358)
[2021.10.14-09.58.29:066][196]LogModuleManager: Shutting down and abandoning module BackChannel (356)
[2021.10.14-09.58.29:066][196]LogModuleManager: Shutting down and abandoning module AppleVision (354)
[2021.10.14-09.58.29:066][196]LogModuleManager: Shutting down and abandoning module AppleImageUtils (352)
[2021.10.14-09.58.29:066][196]LogModuleManager: Shutting down and abandoning module AlembicImporter (350)
[2021.10.14-09.58.29:066][196]LogModuleManager: Shutting down and abandoning module AlembicLibrary (349)
[2021.10.14-09.58.29:066][196]LogModuleManager: Shutting down and abandoning module GeometryCache (348)
[2021.10.14-09.58.29:066][196]LogModuleManager: Shutting down and abandoning module GeometryCacheEd (347)
[2021.10.14-09.58.29:066][196]LogModuleManager: Shutting down and abandoning module DatasmithContentEditor (342)
[2021.10.14-09.58.29:066][196]LogModuleManager: Shutting down and abandoning module DatasmithContent (340)
[2021.10.14-09.58.29:066][196]LogModuleManager: Shutting down and abandoning module SpeedTreeImporter (338)
[2021.10.14-09.58.29:066][196]LogModuleManager: Shutting down and abandoning module PluginBrowser (336)
[2021.10.14-09.58.29:066][196]LogModuleManager: Shutting down and abandoning module MobileLauncherProfileWizard (334)
[2021.10.14-09.58.29:066][196]LogModuleManager: Shutting down and abandoning module PolygonModeling (332)
[2021.10.14-09.58.29:066][196]LogModuleManager: Shutting down and abandoning module MeshEditor (330)
[2021.10.14-09.58.29:066][196]LogModuleManager: Shutting down and abandoning module CryptoKeysOpenSSL (328)
[2021.10.14-09.58.29:066][196]LogModuleManager: Shutting down and abandoning module CryptoKeys (326)
[2021.10.14-09.58.29:066][196]LogModuleManager: Shutting down and abandoning module VisualStudioSourceCodeAccess (324)
[2021.10.14-09.58.29:066][196]LogModuleManager: Shutting down and abandoning module VisualStudioCodeSourceCodeAccess (322)
[2021.10.14-09.58.29:066][196]LogModuleManager: Shutting down and abandoning module UObjectPlugin (320)
[2021.10.14-09.58.29:066][196]LogModuleManager: Shutting down and abandoning module SubversionSourceControl (318)
[2021.10.14-09.58.29:067][196]LogModuleManager: Shutting down and abandoning module PerforceSourceControl (316)
[2021.10.14-09.58.29:067][196]LogModuleManager: Shutting down and abandoning module GitSourceControl (314)
[2021.10.14-09.58.29:067][196]LogModuleManager: Shutting down and abandoning module SourceControl (313)
[2021.10.14-09.58.29:067][196]LogModuleManager: Shutting down and abandoning module CLionSourceCodeAccess (310)
[2021.10.14-09.58.29:067][196]LogModuleManager: Shutting down and abandoning module LightPropagationVolumeEditor (308)
[2021.10.14-09.58.29:067][196]LogModuleManager: Shutting down and abandoning module PaperTiledImporter (306)
[2021.10.14-09.58.29:067][196]LogModuleManager: Shutting down and abandoning module PaperSpriteSheetImporter (304)
[2021.10.14-09.58.29:067][196]LogModuleManager: Shutting down and abandoning module Paper2DEditor (302)
[2021.10.14-09.58.29:067][196]LogModuleManager: Shutting down and abandoning module MeshPaint (301)
[2021.10.14-09.58.29:067][196]LogModuleManager: Shutting down and abandoning module RuntimePhysXCooking (298)
[2021.10.14-09.58.29:067][196]LogModuleManager: Shutting down and abandoning module PhysXVehiclesEditor (296)
[2021.10.14-09.58.29:067][196]LogModuleManager: Shutting down and abandoning module PhysXVehicles (294)
[2021.10.14-09.58.29:067][196]LogModuleManager: Shutting down and abandoning module OculusEditor (292)
[2021.10.14-09.58.29:067][196]LogModuleManager: Shutting down and abandoning module LocationServicesBPLibrary (290)
[2021.10.14-09.58.29:067][196]LogModuleManager: Shutting down and abandoning module ImmediatePhysicsEditor (288)
[2021.10.14-09.58.29:067][196]LogModuleManager: Shutting down and abandoning module ImmediatePhysics (286)
[2021.10.14-09.58.29:067][196]LogModuleManager: Shutting down and abandoning module ActorSequence (284)
[2021.10.14-09.58.29:067][196]LogModuleManager: Shutting down and abandoning module UdpMessaging (282)
[2021.10.14-09.58.29:167][196]LogModuleManager: Shutting down and abandoning module TcpMessaging (280)
[2021.10.14-09.58.29:267][196]LogModuleManager: Shutting down and abandoning module MagicLeapAudio (278)
[2021.10.14-09.58.29:267][196]LogModuleManager: Shutting down and abandoning module GameplayTagsEditor (276)
[2021.10.14-09.58.29:267][196]LogModuleManager: Shutting down and abandoning module FacialAnimationEditor (274)
[2021.10.14-09.58.29:267][196]LogModuleManager: Shutting down and abandoning module FacialAnimation (272)
[2021.10.14-09.58.29:267][196]LogModuleManager: Shutting down and abandoning module DataValidation (270)
[2021.10.14-09.58.29:267][196]LogModuleManager: Shutting down and abandoning module AssetManagerEditor (268)
[2021.10.14-09.58.29:267][196]LogModuleManager: Shutting down and abandoning module LevelEditor (267)
[2021.10.14-09.58.29:267][196]LogModuleManager: Shutting down and abandoning module PixelInspectorModule (266)
[2021.10.14-09.58.29:267][196]LogModuleManager: Shutting down and abandoning module CommonMenuExtensions (264)
[2021.10.14-09.58.29:267][196]LogModuleManager: Shutting down and abandoning module MainFrame (262)
[2021.10.14-09.58.29:267][196]LogModuleManager: Shutting down and abandoning module HotReload (261)
[2021.10.14-09.58.29:268][196]LogModuleManager: Shutting down and abandoning module ContentBrowser (257)
[2021.10.14-09.58.29:268][196]LogModuleManager: Shutting down and abandoning module TreeMap (255)
[2021.10.14-09.58.29:268][196]LogModuleManager: Shutting down and abandoning module LightPropagationVolumeRuntime (252)
[2021.10.14-09.58.29:268][196]LogModuleManager: Shutting down and abandoning module AISupportModule (250)
[2021.10.14-09.58.29:268][196]LogModuleManager: Shutting down and abandoning module Paper2D (248)
[2021.10.14-09.58.29:268][196]LogModuleManager: Shutting down and abandoning module WindowsMoviePlayer (246)
[2021.10.14-09.58.29:268][196]LogModuleManager: Shutting down and abandoning module WmfMedia (244)
[2021.10.14-09.58.29:270][196]LogModuleManager: Shutting down and abandoning module Media (243)
[2021.10.14-09.58.29:275][196]LogModuleManager: Shutting down and abandoning module PacketHandler (240)
[2021.10.14-09.58.29:275][196]LogModuleManager: Shutting down and abandoning module ClothingSystemEditor (238)
[2021.10.14-09.58.29:275][196]LogModuleManager: Shutting down and abandoning module ClothingSystemRuntime (236)
[2021.10.14-09.58.29:275][196]LogModuleManager: Shutting down and abandoning module MediaAssets (234)
[2021.10.14-09.58.29:275][196]LogModuleManager: Shutting down and abandoning module Overlay (232)
[2021.10.14-09.58.29:275][196]LogModuleManager: Shutting down and abandoning module OverlayEditor (231)
[2021.10.14-09.58.29:275][196]LogModuleManager: Shutting down and abandoning module VREditor (228)
[2021.10.14-09.58.29:275][196]LogModuleManager: Shutting down and abandoning module StringTableEditor (226)
[2021.10.14-09.58.29:275][196]LogModuleManager: Shutting down and abandoning module GameplayTasksEditor (224)
[2021.10.14-09.58.29:275][196]LogModuleManager: Shutting down and abandoning module BehaviorTreeEditor (222)
[2021.10.14-09.58.29:275][196]LogModuleManager: Shutting down and abandoning module FunctionalTesting (220)
[2021.10.14-09.58.29:275][196]LogModuleManager: Shutting down and abandoning module CollisionAnalyzer (218)
[2021.10.14-09.58.29:275][196]LogModuleManager: Shutting down and abandoning module WorkspaceMenuStructure (217)
[2021.10.14-09.58.29:275][196]LogModuleManager: Shutting down and abandoning module UMG (214)
[2021.10.14-09.58.29:275][196]LogModuleManager: Shutting down and abandoning module UMGEditor (213)
[2021.10.14-09.58.29:275][196]LogModuleManager: Shutting down and abandoning module Sequencer (212)
[2021.10.14-09.58.29:275][196]LogModuleManager: Shutting down and abandoning module MessageLog (209)
[2021.10.14-09.58.29:275][196]LogModuleManager: Shutting down and abandoning module SlateReflector (204)
[2021.10.14-09.58.29:275][196]LogModuleManager: Shutting down and abandoning module Slate (202)
[2021.10.14-09.58.29:275][196]LogModuleManager: Shutting down and abandoning module EditorStyle (200)
[2021.10.14-09.58.29:276][196]LogModuleManager: Shutting down and abandoning module MRMesh (198)
[2021.10.14-09.58.29:276][196]LogModuleManager: Shutting down and abandoning module SourceCodeAccess (196)
[2021.10.14-09.58.29:276][196]LogModuleManager: Shutting down and abandoning module HeadMountedDisplay (194)
[2021.10.14-09.58.29:276][196]LogModuleManager: Shutting down and abandoning module XAudio2 (192)
[2021.10.14-09.58.29:276][196]LogModuleManager: Shutting down and abandoning module Networking (190)
[2021.10.14-09.58.29:276][196]LogModuleManager: Shutting down and abandoning module Core (188)
[2021.10.14-09.58.29:276][196]LogModuleManager: Shutting down and abandoning module LevelSequence (186)
[2021.10.14-09.58.29:276][196]LogModuleManager: Shutting down and abandoning module KismetCompiler (184)
[2021.10.14-09.58.29:276][196]LogModuleManager: Shutting down and abandoning module MeshUtilities (182)
[2021.10.14-09.58.29:276][196]LogModuleManager: Shutting down and abandoning module MeshMergeUtilities (181)
[2021.10.14-09.58.29:276][196]LogModuleManager: Shutting down and abandoning module MeshReductionInterface (180)
[2021.10.14-09.58.29:276][196]LogModuleManager: Shutting down and abandoning module SimplygonSwarm (179)
[2021.10.14-09.58.29:276][196]LogModuleManager: Shutting down and abandoning module ProxyLODMeshReduction (177)
[2021.10.14-09.58.29:277][196]LogModuleManager: Shutting down and abandoning module SimplygonMeshReduction (175)
[2021.10.14-09.58.29:277][196]LogModuleManager: Shutting down and abandoning module QuadricMeshReduction (173)
[2021.10.14-09.58.29:277][196]LogModuleManager: Shutting down and abandoning module MaterialBaking (169)
[2021.10.14-09.58.29:277][196]LogModuleManager: Shutting down and abandoning module DirectoryWatcher (165)
[2021.10.14-09.58.29:277][196]LogModuleManager: Shutting down and abandoning module DerivedDataCache (162)
[2021.10.14-09.58.29:720][196]LogDerivedDataCache: Shutdown
[2021.10.14-09.58.29:720][196]LogModuleManager: Shutting down and abandoning module XGEController (160)
[2021.10.14-09.58.29:720][196]LogXGEController: Cleaning working directory: C:/Users/vovab/AppData/Local/Temp/UnrealXGEWorkingDir/
[2021.10.14-09.58.29:720][196]LogModuleManager: Shutting down and abandoning module TargetPlatform (158)
[2021.10.14-09.58.29:720][196]LogModuleManager: Shutting down and abandoning module VulkanShaderFormat (157)
[2021.10.14-09.58.29:720][196]LogModuleManager: Shutting down and abandoning module ShaderFormatVectorVM (155)
[2021.10.14-09.58.29:720][196]LogModuleManager: Shutting down and abandoning module ShaderFormatOpenGL (153)
[2021.10.14-09.58.29:720][196]LogModuleManager: Shutting down and abandoning module ShaderFormatD3D (151)
[2021.10.14-09.58.29:720][196]LogModuleManager: Shutting down and abandoning module MetalShaderFormat (149)
[2021.10.14-09.58.29:721][196]LogModuleManager: Shutting down and abandoning module TextureFormatUncompressed (147)
[2021.10.14-09.58.29:721][196]LogModuleManager: Shutting down and abandoning module TextureFormatPVR (145)
[2021.10.14-09.58.29:721][196]LogModuleManager: Shutting down and abandoning module TextureFormatDXT (143)
[2021.10.14-09.58.29:721][196]LogModuleManager: Shutting down and abandoning module TextureFormatIntelISPCTexComp (141)
[2021.10.14-09.58.29:721][196]LogModuleManager: Shutting down and abandoning module TextureFormatASTC (139)
[2021.10.14-09.58.29:721][196]LogModuleManager: Shutting down and abandoning module ImageWrapper (138)
[2021.10.14-09.58.29:721][196]LogModuleManager: Shutting down and abandoning module TextureFormatAndroid (135)
[2021.10.14-09.58.29:721][196]LogModuleManager: Shutting down and abandoning module AudioFormatOpus (133)
[2021.10.14-09.58.29:721][196]LogModuleManager: Shutting down and abandoning module AudioFormatOgg (131)
[2021.10.14-09.58.29:721][196]LogModuleManager: Shutting down and abandoning module AudioFormatADPCM (129)
[2021.10.14-09.58.29:721][196]LogModuleManager: Shutting down and abandoning module LuminTargetPlatform (127)
[2021.10.14-09.58.29:721][196]LogModuleManager: Shutting down and abandoning module LinuxTargetPlatform (125)
[2021.10.14-09.58.29:721][196]LogModuleManager: Shutting down and abandoning module LinuxServerTargetPlatform (123)
[2021.10.14-09.58.29:721][196]LogModuleManager: Shutting down and abandoning module LinuxNoEditorTargetPlatform (121)
[2021.10.14-09.58.29:721][196]LogModuleManager: Shutting down and abandoning module LinuxClientTargetPlatform (119)
[2021.10.14-09.58.29:721][196]LogModuleManager: Shutting down and abandoning module TVOSTargetPlatform (117)
[2021.10.14-09.58.29:721][196]LogModuleManager: Shutting down and abandoning module Messaging (115)
[2021.10.14-09.58.29:721][196]LogModuleManager: Shutting down and abandoning module IOSTargetPlatform (113)
[2021.10.14-09.58.29:722][196]LogModuleManager: Shutting down and abandoning module HTML5TargetPlatform (111)
[2021.10.14-09.58.29:722][196]LogModuleManager: Shutting down and abandoning module AndroidTargetPlatform (109)
[2021.10.14-09.58.29:726][196]LogModuleManager: Shutting down and abandoning module WindowsTargetPlatform (107)
[2021.10.14-09.58.29:726][196]LogModuleManager: Shutting down and abandoning module WindowsServerTargetPlatform (105)
[2021.10.14-09.58.29:726][196]LogModuleManager: Shutting down and abandoning module WindowsNoEditorTargetPlatform (103)
[2021.10.14-09.58.29:726][196]LogModuleManager: Shutting down and abandoning module WindowsClientTargetPlatform (101)
[2021.10.14-09.58.29:726][196]LogModuleManager: Shutting down and abandoning module MacTargetPlatform (99)
[2021.10.14-09.58.29:726][196]LogModuleManager: Shutting down and abandoning module MacServerTargetPlatform (97)
[2021.10.14-09.58.29:726][196]LogModuleManager: Shutting down and abandoning module MacNoEditorTargetPlatform (95)
[2021.10.14-09.58.29:726][196]LogModuleManager: Shutting down and abandoning module MacClientTargetPlatform (93)
[2021.10.14-09.58.29:726][196]LogModuleManager: Shutting down and abandoning module AllDesktopTargetPlatform (91)
[2021.10.14-09.58.29:726][196]LogModuleManager: Shutting down and abandoning module InputCore (88)
[2021.10.14-09.58.29:726][196]LogModuleManager: Shutting down and abandoning module Settings (86)
[2021.10.14-09.58.29:726][196]LogModuleManager: Shutting down and abandoning module PhysXCooking (84)
[2021.10.14-09.58.29:726][196]LogModuleManager: Shutting down and abandoning module SteamVR (82)
[2021.10.14-09.58.29:726][196]LogModuleManager: Shutting down and abandoning module OculusHMD (80)
[2021.10.14-09.58.29:726][196]LogModuleManager: Shutting down and abandoning module ExampleDeviceProfileSelector (78)
[2021.10.14-09.58.29:726][196]LogModuleManager: Shutting down and abandoning module LauncherChunkInstaller (76)
[2021.10.14-09.58.29:726][196]LogModuleManager: Shutting down and abandoning module OnlineBlueprintSupport (74)
[2021.10.14-09.58.29:726][196]LogModuleManager: Shutting down and abandoning module OnlineSubsystem (70)
[2021.10.14-09.58.29:727][196]LogModuleManager: Shutting down and abandoning module XMPP (65)
[2021.10.14-09.58.29:727][196]LogModuleManager: Shutting down and abandoning module WebSockets (64)
[2021.10.14-09.58.29:750][196]LogModuleManager: Shutting down and abandoning module HTTP (61)
[2021.10.14-09.58.29:750][196]LogHttp: Display: Http module shutting down, but needs to wait on 1 outstanding Http requests:
[2021.10.14-09.58.29:750][196]LogHttp: Display: 	verb=[POST] url=[https://datarouter.ol.epicgames.com/datarouter/api/v1/public/data?SessionID=%7B8CFBBB3D-4E76-D6EE-DDE6-9EA1E77F5771%7D&AppID=UEEditor.Rocket.Release&AppVersion=4.20.1-4233996%2B%2B%2BUE4%2BRelease-4.20&UserID=831df9b14c44f070229ca1a1f6c176cd%7Cbdd3274c53d94f5bb40a7a174d0ae70e%7C61fe3d0d-d83a-4d06-932b-edc6051e1f64&AppEnvironment=datacollector-binary&UploadType=eteventstream] status=Processing
[2021.10.14-09.58.29:784][196]LogModuleManager: Shutting down and abandoning module SSL (60)
[2021.10.14-09.58.29:785][196]LogModuleManager: Shutting down and abandoning module MagicLeapEmulator (56)
[2021.10.14-09.58.29:785][196]LogModuleManager: Shutting down and abandoning module MagicLeapPrivileges (54)
[2021.10.14-09.58.29:785][196]LogModuleManager: Shutting down and abandoning module MagicLeapIdentity (52)
[2021.10.14-09.58.29:785][196]LogModuleManager: Shutting down and abandoning module MagicLeapHelperVulkan (50)
[2021.10.14-09.58.29:785][196]LogModuleManager: Shutting down and abandoning module MagicLeapHelperOpenGL (48)
[2021.10.14-09.58.29:785][196]LogModuleManager: Shutting down and abandoning module MagicLeapSecureStorage (46)
[2021.10.14-09.58.29:785][196]LogModuleManager: Shutting down and abandoning module MagicLeapGestures (44)
[2021.10.14-09.58.29:785][196]LogModuleManager: Shutting down and abandoning module MagicLeapEyeTracker (42)
[2021.10.14-09.58.29:785][196]LogModuleManager: Shutting down and abandoning module MagicLeapController (40)
[2021.10.14-09.58.29:785][196]LogSlate: Slate User Destroyed.  User Index 0, Is Virtual User: 0
[2021.10.14-09.58.29:785][196]LogModuleManager: Shutting down and abandoning module MagicLeap (38)
[2021.10.14-09.58.29:785][196]LogModuleManager: Shutting down and abandoning module AnimationModifiers (36)
[2021.10.14-09.58.29:785][196]LogModuleManager: Shutting down and abandoning module PropertyEditor (35)
[2021.10.14-09.58.29:785][196]LogModuleManager: Shutting down and abandoning module AudioEditor (32)
[2021.10.14-09.58.29:785][196]LogModuleManager: Shutting down and abandoning module TextureCompressor (30)
[2021.10.14-09.58.29:785][196]LogModuleManager: Shutting down and abandoning module ShaderCore (28)
[2021.10.14-09.58.29:785][196]LogModuleManager: Shutting down and abandoning module Landscape (26)
[2021.10.14-09.58.29:785][196]LogModuleManager: Shutting down and abandoning module SlateRHIRenderer (24)
[2021.10.14-09.58.29:786][196]LogModuleManager: Shutting down and abandoning module OpenGLDrv (22)
[2021.10.14-09.58.29:786][196]LogModuleManager: Shutting down and abandoning module D3D11RHI (20)
[2021.10.14-09.58.29:786][196]LogModuleManager: Shutting down and abandoning module AnimGraphRuntime (18)
[2021.10.14-09.58.29:786][196]LogModuleManager: Shutting down and abandoning module Renderer (16)
[2021.10.14-09.58.29:786][196]LogModuleManager: Shutting down and abandoning module Engine (14)
[2021.10.14-09.58.29:786][196]LogModuleManager: Shutting down and abandoning module CoreUObject (12)
[2021.10.14-09.58.29:786][196]LogModuleManager: Shutting down and abandoning module NetworkFile (10)
[2021.10.14-09.58.29:786][196]LogModuleManager: Shutting down and abandoning module CookedIterativeFile (8)
[2021.10.14-09.58.29:786][196]LogModuleManager: Shutting down and abandoning module StreamingFile (6)
[2021.10.14-09.58.29:786][196]LogModuleManager: Shutting down and abandoning module SandboxFile (4)
[2021.10.14-09.58.29:786][196]LogModuleManager: Shutting down and abandoning module PakFile (2)
[2021.10.14-09.58.29:790][196]LogExit: Exiting.
[2021.10.14-09.58.29:800][196]Log file closed, 10/14/21 12:58:29
