Log file open, 10/11/21 22:08:57
LogWindows: Failed to load 'aqProf.dll' (GetLastError=126)
LogWindows: File 'aqProf.dll' does not exist
LogWindows: Failed to load 'VSPerf140.dll' (GetLastError=126)
LogWindows: File 'VSPerf140.dll' does not exist
LogWindows: Failed to load 'VtuneApi.dll' (GetLastError=126)
LogWindows: File 'VtuneApi.dll' does not exist
LogWindows: Failed to load 'VtuneApi32e.dll' (GetLastError=126)
LogWindows: File 'VtuneApi32e.dll' does not exist
LogInit: Display: Running engine for game: MyProject
LogPlatformFile: Not using cached read wrapper
LogTaskGraph: Started task graph with 5 named threads and 23 total threads with 3 sets of task threads.
LogStats: Stats thread started at 0.352187
LogD3D11RHI: Loaded GFSDK_Aftermath_Lib.x64.dll
LogICUInternationalization: Display: ICU TimeZone Detection - Raw Offset: +2:00, Platform Override: ''
LogPluginManager: Mounting plugin Paper2D
LogPluginManager: Mounting plugin AISupport
LogPluginManager: Mounting plugin LightPropagationVolume
LogPluginManager: Mounting plugin CLionSourceCodeAccess
LogPluginManager: Mounting plugin CodeLiteSourceCodeAccess
LogPluginManager: Mounting plugin GitSourceControl
LogPluginManager: Mounting plugin KDevelopSourceCodeAccess
LogPluginManager: Mounting plugin NullSourceCodeAccess
LogPluginManager: Mounting plugin PerforceSourceControl
LogPluginManager: Mounting plugin SubversionSourceControl
LogPluginManager: Mounting plugin UObjectPlugin
LogPluginManager: Mounting plugin VisualStudioCodeSourceCodeAccess
LogPluginManager: Mounting plugin VisualStudioSourceCodeAccess
LogPluginManager: Mounting plugin XCodeSourceCodeAccess
LogPluginManager: Mounting plugin AssetManagerEditor
LogPluginManager: Mounting plugin CryptoKeys
LogPluginManager: Mounting plugin DataValidation
LogPluginManager: Mounting plugin FacialAnimation
LogPluginManager: Mounting plugin GameplayTagsEditor
LogPluginManager: Mounting plugin MacGraphicsSwitching
LogPluginManager: Mounting plugin MeshEditor
LogPluginManager: Mounting plugin MobileLauncherProfileWizard
LogPluginManager: Mounting plugin PluginBrowser
LogPluginManager: Mounting plugin SpeedTreeImporter
LogPluginManager: Mounting plugin DatasmithContent
LogPluginManager: Mounting plugin AlembicImporter
LogPluginManager: Mounting plugin AppleImageUtils
LogPluginManager: Mounting plugin AppleVision
LogPluginManager: Mounting plugin BackChannel
LogPluginManager: Mounting plugin CharacterAI
LogPluginManager: Mounting plugin GeometryCache
LogPluginManager: Mounting plugin HTML5Networking
LogPluginManager: Mounting plugin ProxyLODPlugin
LogPluginManager: Mounting plugin MagicLeap
LogPluginManager: Mounting plugin MagicLeapEmulator
LogPluginManager: Mounting plugin MagicLeapMedia
LogPluginManager: Mounting plugin AndroidMedia
LogPluginManager: Mounting plugin AvfMedia
LogPluginManager: Mounting plugin ImgMedia
LogPluginManager: Mounting plugin LinearTimecode
LogPluginManager: Mounting plugin MediaCompositing
LogPluginManager: Mounting plugin MediaPlayerEditor
LogPluginManager: Mounting plugin WmfMedia
LogPluginManager: Mounting plugin TcpMessaging
LogPluginManager: Mounting plugin UdpMessaging
LogPluginManager: Mounting plugin ActorSequence
LogPluginManager: Mounting plugin LevelSequenceEditor
LogPluginManager: Mounting plugin MatineeToLevelSequence
LogPluginManager: Mounting plugin NetcodeUnitTest
LogPluginManager: Mounting plugin NUTUnrealEngine4
LogPluginManager: Mounting plugin OnlineSubsystemGooglePlay
LogPluginManager: Mounting plugin OnlineSubsystemIOS
LogPluginManager: Mounting plugin OnlineSubsystem
LogPluginManager: Mounting plugin OnlineSubsystemNull
LogPluginManager: Mounting plugin OnlineSubsystemUtils
LogPluginManager: Mounting plugin LauncherChunkInstaller
LogPluginManager: Mounting plugin AndroidDeviceProfileSelector
LogPluginManager: Mounting plugin AndroidMoviePlayer
LogPluginManager: Mounting plugin AndroidPermission
LogPluginManager: Mounting plugin AppleMoviePlayer
LogPluginManager: Mounting plugin ArchVisCharacter
LogPluginManager: Mounting plugin AudioCapture
LogPluginManager: Mounting plugin CableComponent
LogPluginManager: Mounting plugin CustomMeshComponent
LogPluginManager: Mounting plugin EditableMesh
LogPluginManager: Mounting plugin ExampleDeviceProfileSelector
LogPluginManager: Mounting plugin GoogleCloudMessaging
LogPluginManager: Mounting plugin ImmediatePhysics
LogPluginManager: Mounting plugin IOSDeviceProfileSelector
LogPluginManager: Mounting plugin LinuxDeviceProfileSelector
LogPluginManager: Mounting plugin LocationServicesBPLibrary
LogPluginManager: Mounting plugin MobilePatchingUtils
LogPluginManager: Mounting plugin OculusVR
LogPluginManager: Plugin shader directory ../../../Engine/Plugins/Runtime/Oculus/OculusVR/Shaders found
LogPluginManager: Mapping shader source directory ../../../Engine/Plugins/Runtime/Oculus/OculusVR/Shaders to virtual directory /Plugin/OculusVR
LogPluginManager: Mounting plugin PhysXVehicles
LogPluginManager: Mounting plugin ProceduralMeshComponent
LogPluginManager: Mounting plugin RuntimePhysXCooking
LogPluginManager: Mounting plugin SteamVR
LogPluginManager: Mounting plugin WindowsMoviePlayer
LogStreaming: Display: Took  0.082s to configure plugins.
LogInit: Using libcurl 7.55.1-DEV
LogInit:  - built for x86_64-pc-win32
LogInit:  - supports SSL with OpenSSL/1.0.2h
LogInit:  - supports HTTP deflate (compression) using libz 1.2.8
LogInit:  - other features:
LogInit:      CURL_VERSION_SSL
LogInit:      CURL_VERSION_LIBZ
LogInit:      CURL_VERSION_IPV6
LogInit:      CURL_VERSION_ASYNCHDNS
LogInit:      CURL_VERSION_LARGEFILE
LogInit:      CURL_VERSION_IDN
LogInit:  CurlRequestOptions (configurable via config and command line):
LogInit:  - bVerifyPeer = false  - Libcurl will NOT verify peer certificate
LogInit:  - bUseHttpProxy = false  - Libcurl will NOT use HTTP proxy
LogInit:  - bDontReuseConnections = false  - Libcurl will reuse connections
LogInit:  - CertBundlePath = nullptr  - Libcurl will use whatever was configured at build time.
LogInit:  - MaxHostConnections = 16  - Libcurl will limit the number of connections to a host
LogInit:  - LocalHostAddr = Default
LogInit:  - BufferSize = 65536
LogInit: WinSock: version 1.1 (2.2), MaxSocks=32767, MaxUdp=65467
LogInit: Build: ++UE4+Release-4.20-CL-4233996
LogInit: Engine Version: 4.20.1-4233996+++UE4+Release-4.20
LogInit: Compatible Engine Version: 4.20.0-4212847+++UE4+Release-4.20
LogInit: Net CL: 4212847
LogInit: OS: Windows 10 (), CPU: Intel(R) Core(TM) i7-7700K CPU @ 4.20GHz, GPU: NVIDIA GeForce GTX 1080
LogInit: Compiled (64-bit): Jul 26 2018 10:07:30
LogInit: Compiled with Visual C++: 19.13.26129.00
LogInit: Build Configuration: Development
LogInit: Branch Name: ++UE4+Release-4.20
LogInit: Command Line: 
LogInit: Base Directory: C:/Program Files/Epic Games/UE_4.20/Engine/Binaries/Win64/
LogInit: Installed Engine Build: 1
LogDevObjectVersion: Number of dev versions registered: 20
LogDevObjectVersion:   Dev-Blueprints (B0D832E4-1F89-4F0D-ACCF-7EB736FD4AA2): 10
LogDevObjectVersion:   Dev-Build (E1C64328-A22C-4D53-A36C-8E866417BD8C): 0
LogDevObjectVersion:   Dev-Core (375EC13C-06E4-48FB-B500-84F0262A717E): 2
LogDevObjectVersion:   Dev-Editor (E4B068ED-F494-42E9-A231-DA0B2E46BB41): 24
LogDevObjectVersion:   Dev-Framework (CFFC743F-43B0-4480-9391-14DF171D2073): 34
LogDevObjectVersion:   Dev-Mobile (B02B49B5-BB20-44E9-A304-32B752E40360): 2
LogDevObjectVersion:   Dev-Networking (A4E4105C-59A1-49B5-A7C5-40C4547EDFEE): 0
LogDevObjectVersion:   Dev-Online (39C831C9-5AE6-47DC-9A44-9C173E1C8E7C): 0
LogDevObjectVersion:   Dev-Physics (78F01B33-EBEA-4F98-B9B4-84EACCB95AA2): 0
LogDevObjectVersion:   Dev-Platform (6631380F-2D4D-43E0-8009-CF276956A95A): 0
LogDevObjectVersion:   Dev-Rendering (12F88B9F-8875-4AFC-A67C-D90C383ABD29): 26
LogDevObjectVersion:   Dev-Sequencer (7B5AE74C-D270-4C10-A958-57980B212A5A): 9
LogDevObjectVersion:   Dev-VR (D7296918-1DD6-4BDD-9DE2-64A83CC13884): 2
LogDevObjectVersion:   Dev-LoadTimes (C2A15278-BFE7-4AFE-6C17-90FF531DF755): 1
LogDevObjectVersion:   Private-Geometry (6EACA3D4-40EC-4CC1-B786-8BED09428FC5): 3
LogDevObjectVersion:   Dev-AnimPhys (29E575DD-E0A3-4627-9D10-D276232CDCEA): 17
LogDevObjectVersion:   Dev-ReflectionCapture (6B266CEC-1EC7-4B8F-A30B-E4D90942FC07): 1
LogDevObjectVersion:   Dev-Automation (0DF73D61-A23F-47EA-B727-89E90C41499A): 1
LogDevObjectVersion:   FortniteMain (601D1886-AC64-4F84-AA16-D3DE0DEAC7D6): 12
LogDevObjectVersion:   Dev-Enterprise (9DFFBCD6-494F-0158-E221-12823C92A888): 1
LogStreaming: Display: Took  0.000s to delete old logs.
LogInit: Presizing for max 8388607 objects, including 0 objects not considered by GC, pre-allocating 0 bytes for permanent pool.
LogInit: Object subsystem initialized
[2021.10.11-19.08.57:589][  0]LogInit: Selected Device Profile: [Windows]
[2021.10.11-19.08.57:589][  0]LogInit: Applying CVar settings loaded from the selected device profile: [Windows]
[2021.10.11-19.08.57:596][  0]LogHAL: Display: Platform has ~ 16 GB [17120284672 / 17179869184 / 16], which maps to Larger [LargestMinGB=32, LargerMinGB=12, DefaultMinGB=8, SmallerMinGB=6, SmallestMinGB=0)
[2021.10.11-19.08.57:596][  0]LogInit: Setting Device Profile CVar: [[r.Vulkan.UseRealUBs:1]]
[2021.10.11-19.08.57:596][  0]LogInit: Going up to parent DeviceProfile []
[2021.10.11-19.08.57:597][  0]LogInit: Computer: DESKTOP-KTCUO5G
[2021.10.11-19.08.57:597][  0]LogInit: User: vovab
[2021.10.11-19.08.57:597][  0]LogInit: CPU Page size=4096, Cores=4
[2021.10.11-19.08.57:597][  0]LogInit: High frequency timer resolution =10.000000 MHz
[2021.10.11-19.08.57:597][  0]LogMemory: Memory total: Physical=15.9GB (16GB approx)
[2021.10.11-19.08.57:597][  0]LogMemory: Platform Memory Stats for Windows
[2021.10.11-19.08.57:597][  0]LogMemory: Process Physical Memory: 104.40 MB used, 104.41 MB peak
[2021.10.11-19.08.57:597][  0]LogMemory: Process Virtual Memory: 99.35 MB used, 99.35 MB peak
[2021.10.11-19.08.57:597][  0]LogMemory: Physical Memory: 7337.69 MB used,  8989.49 MB free, 16327.18 MB total
[2021.10.11-19.08.57:597][  0]LogMemory: Virtual Memory: 4637.50 MB used,  8989.49 MB free, 134217728.00 MB total
[2021.10.11-19.08.57:623][  0]LogInit: Using OS detected language (ru-RU).
[2021.10.11-19.08.57:623][  0]LogInit: Using OS detected locale (ru-UA).
[2021.10.11-19.08.57:624][  0]LogTextLocalizationManager: No specific localization for 'ru-RU' exists, so the 'ru' localization will be used.
[2021.10.11-19.08.57:625][  0]LogStreaming: Display: Took  0.002s to InitEngineTextLocalization.
[2021.10.11-19.08.57:625][  0]LogInit: Setting process to per monitor DPI aware
[2021.10.11-19.08.57:648][  0]LogSlate: New Slate User Created.  User Index 0, Is Virtual User: 0
[2021.10.11-19.08.57:648][  0]LogSlate: Slate User Registered.  User Index 0, Is Virtual User: 0
[2021.10.11-19.08.57:824][  0]LogHMD: Failed to initialize OpenVR with code 110
[2021.10.11-19.08.57:824][  0]LogD3D11RHI: D3D11 adapters:
[2021.10.11-19.08.57:914][  0]LogD3D11RHI:    0. 'NVIDIA GeForce GTX 1080' (Feature Level 11_0)
[2021.10.11-19.08.57:914][  0]LogD3D11RHI:       8079/0/8163 MB DedicatedVideo/DedicatedSystem/SharedSystem, Outputs:1, VendorId:0x10de
[2021.10.11-19.08.57:915][  0]LogD3D11RHI:    1. 'Microsoft Basic Render Driver' (Feature Level 11_0)
[2021.10.11-19.08.57:915][  0]LogD3D11RHI:       0/0/8163 MB DedicatedVideo/DedicatedSystem/SharedSystem, Outputs:0, VendorId:0x1414
[2021.10.11-19.08.57:915][  0]LogD3D11RHI: Chosen D3D11 Adapter: 0
[2021.10.11-19.08.57:920][  0]LogD3D11RHI: Creating new Direct3DDevice
[2021.10.11-19.08.57:920][  0]LogD3D11RHI:     GPU DeviceId: 0x1b80 (for the marketing name, search the web for "GPU Device Id")
[2021.10.11-19.08.57:920][  0]LogWindows: EnumDisplayDevices:
[2021.10.11-19.08.57:920][  0]LogWindows:    0. 'NVIDIA GeForce GTX 1080' (P:1 D:1)
[2021.10.11-19.08.57:920][  0]LogWindows:    1. 'NVIDIA GeForce GTX 1080' (P:0 D:0)
[2021.10.11-19.08.57:920][  0]LogWindows:    2. 'NVIDIA GeForce GTX 1080' (P:0 D:0)
[2021.10.11-19.08.57:920][  0]LogWindows:    3. 'NVIDIA GeForce GTX 1080' (P:0 D:0)
[2021.10.11-19.08.57:920][  0]LogWindows: DebugString: FoundDriverCount:4 
[2021.10.11-19.08.57:921][  0]LogD3D11RHI:     Adapter Name: NVIDIA GeForce GTX 1080
[2021.10.11-19.08.57:921][  0]LogD3D11RHI:   Driver Version: 461.40 (internal:27.21.14.6140, unified:461.40)
[2021.10.11-19.08.57:921][  0]LogD3D11RHI:      Driver Date: 1-22-2021
[2021.10.11-19.08.57:921][  0]LogRHI: Texture pool is 5655 MB (70% of 8079 MB)
[2021.10.11-19.08.57:988][  0]LogD3D11RHI: Async texture creation enabled
[2021.10.11-19.08.58:011][  0]LogD3D11RHI: GPU Timing Frequency: 1000.000000 (Debug: 2 1)
[2021.10.11-19.08.58:012][  0]LogShaderCompilers: Guid format shader working directory is -5 characters bigger than the processId version (D:/UnrealEngineProjects/UE4_Test_2D_game/MyProject/Intermediate/Shaders/WorkingDirectory/16136/).
[2021.10.11-19.08.58:013][  0]LogShaderCompilers: Cleaned the shader compiler working directory 'C:/Users/vovab/AppData/Local/Temp/UnrealShaderWorkingDir/FE05F4F6413FD0B4C580C2ADCA707C79/'.
[2021.10.11-19.08.58:208][  0]LogTemp: Display: Loaded TP AllDesktopTargetPlatform
[2021.10.11-19.08.58:219][  0]LogTemp: Display: Loaded TP MacClientTargetPlatform
[2021.10.11-19.08.58:231][  0]LogTemp: Display: Loaded TP MacNoEditorTargetPlatform
[2021.10.11-19.08.58:242][  0]LogTemp: Display: Loaded TP MacServerTargetPlatform
[2021.10.11-19.08.58:254][  0]LogTemp: Display: Loaded TP MacTargetPlatform
[2021.10.11-19.08.58:264][  0]LogTemp: Display: Loaded TP WindowsClientTargetPlatform
[2021.10.11-19.08.58:275][  0]LogTemp: Display: Loaded TP WindowsNoEditorTargetPlatform
[2021.10.11-19.08.58:287][  0]LogTemp: Display: Loaded TP WindowsServerTargetPlatform
[2021.10.11-19.08.58:292][  0]LogTemp: Display: Loaded TP WindowsTargetPlatform
[2021.10.11-19.08.58:354][  0]LogTemp: Display: Loaded TP AndroidTargetPlatform
[2021.10.11-19.08.58:354][  0]LogTemp: Display: Loaded TP AndroidTargetPlatform
[2021.10.11-19.08.58:354][  0]LogTemp: Display: Loaded TP AndroidTargetPlatform
[2021.10.11-19.08.58:354][  0]LogTemp: Display: Loaded TP AndroidTargetPlatform
[2021.10.11-19.08.58:354][  0]LogTemp: Display: Loaded TP AndroidTargetPlatform
[2021.10.11-19.08.58:354][  0]LogTemp: Display: Loaded TP AndroidTargetPlatform
[2021.10.11-19.08.58:354][  0]LogTemp: Display: Loaded TP AndroidTargetPlatform
[2021.10.11-19.08.58:354][  0]LogTemp: Display: Loaded TP AndroidTargetPlatform
[2021.10.11-19.08.58:354][  0]LogTemp: Display: Loaded TP AndroidTargetPlatform
[2021.10.11-19.08.58:354][  0]LogTemp: Display: Loaded TP AndroidTargetPlatform
[2021.10.11-19.08.58:354][  0]LogTemp: Display: Loaded TP AndroidTargetPlatform
[2021.10.11-19.08.58:354][  0]LogTemp: Display: Loaded TP AndroidTargetPlatform
[2021.10.11-19.08.58:354][  0]LogTemp: Display: Loaded TP AndroidTargetPlatform
[2021.10.11-19.08.58:354][  0]LogTemp: Display: Loaded TP AndroidTargetPlatform
[2021.10.11-19.08.58:354][  0]LogTemp: Display: Loaded TP AndroidTargetPlatform
[2021.10.11-19.08.58:354][  0]LogTemp: Display: Loaded TP AndroidTargetPlatform
[2021.10.11-19.08.58:354][  0]LogTemp: Display: Loaded TP AndroidTargetPlatform
[2021.10.11-19.08.58:354][  0]LogTemp: Display: Loaded TP AndroidTargetPlatform
[2021.10.11-19.08.58:355][  0]LogTemp: Display: Loaded TP HTML5TargetPlatform
[2021.10.11-19.08.58:411][  0]LogTemp: Display: Loaded TP IOSTargetPlatform
[2021.10.11-19.08.58:411][  0]LogTemp: Display: Loaded TP IOSTargetPlatform
[2021.10.11-19.08.58:430][  0]LogTemp: Display: Loaded TP TVOSTargetPlatform
[2021.10.11-19.08.58:430][  0]LogTemp: Display: Loaded TP TVOSTargetPlatform
[2021.10.11-19.08.58:440][  0]LogTemp: Display: Loaded TP LinuxClientTargetPlatform
[2021.10.11-19.08.58:450][  0]LogTemp: Display: Loaded TP LinuxNoEditorTargetPlatform
[2021.10.11-19.08.58:460][  0]LogTemp: Display: Loaded TP LinuxServerTargetPlatform
[2021.10.11-19.08.58:471][  0]LogTemp: Display: Loaded TP LinuxTargetPlatform
[2021.10.11-19.08.58:478][  0]LogTemp: Display: Loaded TP LuminTargetPlatform
[2021.10.11-19.08.58:478][  0]LogTargetPlatformManager: Display: Building Assets For Windows
[2021.10.11-19.08.58:522][  0]LogXGEController: Cannot use XGE Controller as Incredibuild is not installed on this machine.
[2021.10.11-19.08.58:522][  0]LogShaderCompilers: Cannot use XGE Shader Compiler as Incredibuild is not installed on this machine.
[2021.10.11-19.08.58:522][  0]LogShaderCompilers: Display: Using Local Shader Compiler.
[2021.10.11-19.08.59:180][  0]LogDerivedDataCache: Display: Max Cache Size: 512 MB
[2021.10.11-19.08.59:221][  0]LogDerivedDataCache: Loaded boot cache 0.04s 71MB C:/Users/vovab/AppData/Local/UnrealEngine/4.20/DerivedDataCache/Boot.ddc.
[2021.10.11-19.08.59:222][  0]LogDerivedDataCache: Display: Loaded Boot cache: C:/Users/vovab/AppData/Local/UnrealEngine/4.20/DerivedDataCache/Boot.ddc
[2021.10.11-19.08.59:222][  0]LogDerivedDataCache: FDerivedDataBackendGraph:  Pak pak cache file D:/UnrealEngineProjects/UE4_Test_2D_game/MyProject/DerivedDataCache/DDC.ddp not found, will not use a pak cache.
[2021.10.11-19.08.59:222][  0]LogDerivedDataCache: Unable to find inner node Pak for hierarchical cache Hierarchy.
[2021.10.11-19.08.59:222][  0]LogDerivedDataCache: FDerivedDataBackendGraph:  CompressedPak pak cache file D:/UnrealEngineProjects/UE4_Test_2D_game/MyProject/DerivedDataCache/Compressed.ddp not found, will not use a pak cache.
[2021.10.11-19.08.59:222][  0]LogDerivedDataCache: Unable to find inner node CompressedPak for hierarchical cache Hierarchy.
[2021.10.11-19.08.59:233][  0]LogDerivedDataCache: Display: Pak cache opened for reading ../../../Engine/DerivedDataCache/Compressed.ddp.
[2021.10.11-19.08.59:245][  0]LogDerivedDataCache: Using Local data cache path C:/Users/vovab/AppData/Local/UnrealEngine/Common/DerivedDataCache: Writable
[2021.10.11-19.08.59:245][  0]LogDerivedDataCache: Shared data cache path not found in *engine.ini, will not use an Shared cache.
[2021.10.11-19.08.59:245][  0]LogDerivedDataCache: Unable to find inner node Shared for hierarchical cache Hierarchy.
[2021.10.11-19.08.59:259][  0]LogMaterial: Verifying Global Shaders for PCD3D_SM5
[2021.10.11-19.08.59:260][  0]LogSlate: Using FreeType 2.6.0
[2021.10.11-19.08.59:260][  0]LogSlate: SlateFontServices - WITH_FREETYPE: 1, WITH_HARFBUZZ: 1
[2021.10.11-19.08.59:320][  0]LogAssetRegistry: FAssetRegistry took 0.0249 seconds to start up
[2021.10.11-19.08.59:562][  0]LogInit: Selected Device Profile: [Windows]
[2021.10.11-19.08.59:677][  0]LogSimplygon: Simplygon DLL not present - disabling.
[2021.10.11-19.08.59:679][  0]LogMeshReduction: Using SimplygonSwarm for distributed automatic mesh merging
[2021.10.11-19.08.59:679][  0]LogMeshReduction: Using ProxyLODMeshReduction for automatic mesh merging
[2021.10.11-19.08.59:679][  0]LogMeshReduction: Using QuadricMeshReduction for automatic static mesh reduction
[2021.10.11-19.08.59:679][  0]LogMeshReduction: No automatic skeletal mesh reduction module available
[2021.10.11-19.08.59:690][  0]LogNetVersion: MyProject 1.0.0, NetCL: 4212847, EngineNetVer: 5, GameNetVer: 0 (Checksum: 1110078900)
[2021.10.11-19.09.00:080][  0]LogPackageLocalizationCache: Processed 11 localized package path(s) for 2 prioritized culture(s) in 0.072546 seconds
[2021.10.11-19.09.00:085][  0]LogUObjectArray: 38425 objects as part of root set at end of initial load.
[2021.10.11-19.09.00:085][  0]LogUObjectAllocator: 6690872 out of 0 bytes used by permanent object pool.
[2021.10.11-19.09.00:085][  0]LogUObjectArray: CloseDisregardForGC: 0/0 objects in disregard for GC pool
[2021.10.11-19.09.00:741][  0]LogTcpMessaging: Initializing TcpMessaging bridge
[2021.10.11-19.09.00:754][  0]LogUdpMessaging: Initializing bridge on interface 0.0.0.0:0 to multicast group 230.0.0.1:6666.
[2021.10.11-19.09.00:872][  0]SourceControl: Source control is disabled
[2021.10.11-19.09.00:872][  0]SourceControl: Source control is disabled
[2021.10.11-19.09.00:873][  0]SourceControl: Source control is disabled
[2021.10.11-19.09.00:874][  0]SourceControl: Source control is disabled
[2021.10.11-19.09.01:014][  0]LogAndroidPermission: UAndroidPermissionCallbackProxy::GetInstance
[2021.10.11-19.09.01:065][  0]LogOcInput: OculusInput pre-init called
[2021.10.11-19.09.01:113][  0]LogEngine: Initializing Engine...
[2021.10.11-19.09.01:113][  0]LogHMD: Failed to initialize OpenVR with code 110
[2021.10.11-19.09.01:115][  0]LogStats: UGameplayTagsManager::ConstructGameplayTagTree: ImportINI prefixes -  0.000 s
[2021.10.11-19.09.01:115][  0]LogStats: UGameplayTagsManager::ConstructGameplayTagTree: Construct from data asset -  0.000 s
[2021.10.11-19.09.01:115][  0]LogStats: UGameplayTagsManager::ConstructGameplayTagTree: ImportINI -  0.000 s
[2021.10.11-19.09.01:115][  0]LogStats: UGameplayTagsManager::ConstructGameplayTagTree: GameplayTagTreeChangedEvent.Broadcast -  0.000 s
[2021.10.11-19.09.01:272][  0]LogInit: Initializing FReadOnlyCVARCache
[2021.10.11-19.09.01:280][  0]LogAIModule: Creating AISystem for world Untitled
[2021.10.11-19.09.01:299][  0]LogInit: XAudio2 using 'Динамики (Realtek High Definition Audio)' : 2 channels at 48 kHz using 32 bits per sample (channel mask 0x3)
[2021.10.11-19.09.01:330][  0]LogInit: FAudioDevice initialized.
[2021.10.11-19.09.01:330][  0]LogNetVersion: Set ProjectVersion to 1.0.0.0. Version Checksum will be recalculated on next use.
[2021.10.11-19.09.01:395][  0]LogDerivedDataCache: Saved boot cache 0.07s 71MB C:/Users/vovab/AppData/Local/UnrealEngine/4.20/DerivedDataCache/Boot.ddc.
[2021.10.11-19.09.01:399][  0]LogInit: Texture streaming: Enabled
[2021.10.11-19.09.01:411][  0]LogEngineSessionManager: EngineSessionManager initialized
[2021.10.11-19.09.01:420][  0]LogInit: Transaction tracking system initialized
[2021.10.11-19.09.01:435][  0]BlueprintLog: New page: Editor Load
[2021.10.11-19.09.01:489][  0]LocalizationService: Localization service is disabled
[2021.10.11-19.09.01:534][  0]LogLinker: Warning: Can't find file '/Game/FirstPersonBP/FirstPersonOverview'
[2021.10.11-19.09.01:535][  0]LogLinker: Warning: Can't find file '/Game/FirstPersonBP/FirstPersonOverview'
[2021.10.11-19.09.01:535][  0]LogUObjectGlobals: Warning: Failed to find object 'Class /Game/FirstPersonBP/FirstPersonOverview.FirstPersonOverview_C'
[2021.10.11-19.09.01:693][  0]LogCook: Display: Max memory allowance for cook 16384mb min free memory 0mb
[2021.10.11-19.09.01:693][  0]LogCook: Display: Mobile HDR setting 1
[2021.10.11-19.09.01:693][  0]LogGameplayTags: Display: UGameplayTagsManager::DoneAddingNativeTags. DelegateIsBound: 0
[2021.10.11-19.09.01:693][  0]LogStats: UGameplayTagsManager::ConstructGameplayTagTree: ImportINI prefixes -  0.000 s
[2021.10.11-19.09.01:693][  0]LogStats: UGameplayTagsManager::ConstructGameplayTagTree: Construct from data asset -  0.000 s
[2021.10.11-19.09.01:693][  0]LogStats: UGameplayTagsManager::ConstructGameplayTagTree: ImportINI -  0.000 s
[2021.10.11-19.09.01:693][  0]LogStats: UGameplayTagsManager::ConstructGameplayTagTree: GameplayTagTreeChangedEvent.Broadcast -  0.000 s
[2021.10.11-19.09.01:780][  0]LogFileCache: Scanning file cache for directory 'D:/UnrealEngineProjects/UE4_Test_2D_game/MyProject/Content/' took 0.01s
[2021.10.11-19.09.01:780][  0]SourceControl: Source control is disabled
[2021.10.11-19.09.01:869][  0]LogSlate: Took 0.000157 seconds to synchronously load lazily loaded font '../../../Engine/Content/Slate/Fonts/Roboto-Regular.ttf' (155K)
[2021.10.11-19.09.05:233][  0]LogSlate: Window 'Restore Packages' being destroyed
[2021.10.11-19.09.05:233][  0]LogWindowsTextInputMethodSystem: Display: IME system now deactivated.
[2021.10.11-19.09.05:235][  0]LogWindowsTextInputMethodSystem: Display: IME system now deactivated.
[2021.10.11-19.09.05:239][  0]Cmd: MAP LOAD FILE="D:/UnrealEngineProjects/UE4_Test_2D_game/MyProject/Content/мар/Level_06/level_06.umap" TEMPLATE=0 SHOWPROGRESS=1 FEATURELEVEL=3
[2021.10.11-19.09.05:239][  0]LightingResults: New page: Lighting Build
[2021.10.11-19.09.05:242][  0]MapCheck: New page: Map Check
[2021.10.11-19.09.05:242][  0]LightingResults: New page: Lighting Build
[2021.10.11-19.09.07:476][  0]LogAIModule: Creating AISystem for world level_06
[2021.10.11-19.09.07:501][  0]LogEditorServer: Finished looking for orphan Actors (0.000 secs)
[2021.10.11-19.09.07:526][  0]Cmd: MAP CHECKDEP NOCLEARLOG
[2021.10.11-19.09.07:604][  0]MapCheck: Map check complete: 0 Error(s), 0 Warning(s), took 78,956ms to complete.
[2021.10.11-19.09.07:604][  0]LogFileHelpers: Loading map 'level_06' took 2.366
[2021.10.11-19.09.07:637][  0]LogSlate: Updating window title bar state: overlay mode, drag disabled, window buttons hidden, title bar hidden
[2021.10.11-19.09.07:642][  0]LogSlate: Updating window title bar state: overlay mode, drag disabled, window buttons hidden, title bar hidden
[2021.10.11-19.09.07:648][  0]LogSlate: Updating window title bar state: overlay mode, drag disabled, window buttons hidden, title bar hidden
[2021.10.11-19.09.07:653][  0]LogSlate: Updating window title bar state: overlay mode, drag disabled, window buttons hidden, title bar hidden
[2021.10.11-19.09.07:662][  0]LogCollectionManager: Loaded 0 collections in 0.001280 seconds
[2021.10.11-19.09.07:698][  0]LogFileCache: Scanning file cache for directory 'D:/UnrealEngineProjects/UE4_Test_2D_game/MyProject/Saved/Collections/' took 0.01s
[2021.10.11-19.09.07:699][  0]LogFileCache: Scanning file cache for directory 'D:/UnrealEngineProjects/UE4_Test_2D_game/MyProject/Content/Developers/vovab/Collections/' took 0.01s
[2021.10.11-19.09.07:699][  0]LogFileCache: Scanning file cache for directory 'D:/UnrealEngineProjects/UE4_Test_2D_game/MyProject/Content/Collections/' took 0.01s
[2021.10.11-19.09.07:699][  0]LogCollectionManager: Rebuilt the GUID cache for 0 collections in 0.000000 seconds
[2021.10.11-19.09.07:705][  0]LogContentBrowser: Native class hierarchy populated in 0.0068 seconds. Added 2572 classes and 603 folders.
[2021.10.11-19.09.07:712][  0]LogContentBrowser: Native class hierarchy updated for 'WidgetCarousel' in 0.0002 seconds. Added 0 classes and 0 folders.
[2021.10.11-19.09.07:911][  0]LogContentBrowser: Native class hierarchy updated for 'AddContentDialog' in 0.0002 seconds. Added 0 classes and 0 folders.
[2021.10.11-19.09.07:928][  0]LogContentBrowser: Native class hierarchy updated for 'SceneOutliner' in 0.0002 seconds. Added 1 classes and 2 folders.
[2021.10.11-19.09.07:941][  0]LogContentBrowser: Native class hierarchy updated for 'WorldBrowser' in 0.0002 seconds. Added 2 classes and 3 folders.
[2021.10.11-19.09.08:008][  0]LogSlate: Took 0.000147 seconds to synchronously load lazily loaded font '../../../Engine/Content/Slate/Fonts/Roboto-Bold.ttf' (160K)
[2021.10.11-19.09.08:015][  0]LogSlate: Took 0.005302 seconds to synchronously load lazily loaded font '../../../Engine/Content/Editor/Slate/Fonts/FontAwesome.ttf' (139K)
[2021.10.11-19.09.08:061][  0]LogRenderer: Reallocating scene render targets to support 1252x616 Format 10 NumSamples 1 (Frame:1).
[2021.10.11-19.09.08:155][  0]LogContentBrowser: Native class hierarchy updated for 'HierarchicalLODOutliner' in 0.0002 seconds. Added 0 classes and 0 folders.
[2021.10.11-19.09.08:155][  0]LogLoad: (Engine Initialization) Total time: 12.11 seconds
[2021.10.11-19.09.08:155][  0]LogLoad: (Engine Initialization) Total Blueprint compile time: 0.00 seconds
[2021.10.11-19.09.08:186][  0]LogContentStreaming: Texture pool size now 3000 MB
[2021.10.11-19.09.08:249][  0]LogSlate: Took 0.003646 seconds to synchronously load lazily loaded font '../../../Engine/Content/Slate/Fonts/Roboto-Light.ttf' (167K)
[2021.10.11-19.09.08:274][  1]LogAssetRegistry: Asset discovery search completed in 8.9762 seconds
[2021.10.11-19.09.08:276][  1]LogCollectionManager: Rebuilt the object cache for 0 collections in 0.000000 seconds (found 0 objects)
[2021.10.11-19.09.08:276][  1]LogCollectionManager: Fixed up redirectors for 0 collections in 0.000057 seconds (updated 0 objects)
[2021.10.11-19.09.09:192][106]LogSlate: Took 0.000223 seconds to synchronously load lazily loaded font '../../../Engine/Content/Slate/Fonts/Roboto-Light.ttf' (167K)
[2021.10.11-19.09.10:933][315]LogSlate: FSceneViewport::OnFocusLost() reason 0
[2021.10.11-19.09.11:059][326]LogAssetEditorManager: Opening Asset editor for Blueprint /Game/BP_player/my_inventary/COM_my_inventary.COM_my_inventary
[2021.10.11-19.09.11:499][326]LogContentBrowser: Native class hierarchy updated for 'BlueprintGraph' in 0.0005 seconds. Added 116 classes and 0 folders.
[2021.10.11-19.09.12:132][326]LogAssetEditorManager: Opening Asset editor for Blueprint /Game/BP_player/character_paper_player.character_paper_player
[2021.10.11-19.09.12:451][326]LogAssetEditorManager: Opening Asset editor for Blueprint /Game/interaction/my_chest/BP_my_chest_world_10.BP_my_chest_world_10
[2021.10.11-19.09.12:736][326]LogSlate: Took 0.003898 seconds to synchronously load lazily loaded font '../../../Engine/Content/Slate/Fonts/Roboto-BoldCondensed.ttf' (158K)
[2021.10.11-19.09.12:874][327]LogSlate: Took 0.003743 seconds to synchronously load lazily loaded font '../../../Engine/Content/Slate/Fonts/Roboto-Italic.ttf' (157K)
[2021.10.11-19.09.15:581][651]LogTemp: Repeating last play command: Selected Viewport
[2021.10.11-19.09.15:615][651]LogBlueprintUserMessages: Early PlayInEditor Detection: Level '/Game/мар/Level_06/level_06.level_06:PersistentLevel' has LevelScriptBlueprint '/Game/мар/Level_06/level_06.level_06:PersistentLevel.level_06' with GeneratedClass '/Game/мар/Level_06/level_06.level_06_C' with ClassGeneratedBy '/Game/мар/Level_06/level_06.level_06:PersistentLevel.level_06'
[2021.10.11-19.09.15:615][651]LogPlayLevel: PlayLevel: No blueprints needed recompiling
[2021.10.11-19.09.15:627][651]PIE: New page: PIE session: level_06 (12 окт. 2021, 01:09:15)
[2021.10.11-19.09.15:627][651]LogPlayLevel: Creating play world package: /Game/мар/Level_06/UEDPIE_0_level_06
[2021.10.11-19.09.15:632][651]LogPlayLevel: PIE: StaticDuplicateObject took: (0.004598s)
[2021.10.11-19.09.15:632][651]LogAIModule: Creating AISystem for world level_06
[2021.10.11-19.09.15:632][651]LogPlayLevel: PIE: World Init took: (0.000578s)
[2021.10.11-19.09.15:632][651]LogPlayLevel: PIE: Created PIE world by copying editor world from /Game/мар/Level_06/level_06.level_06 to /Game/мар/Level_06/UEDPIE_0_level_06.level_06 (0.005308s)
[2021.10.11-19.09.15:670][651]LogInit: XAudio2 using 'Динамики (Realtek High Definition Audio)' : 2 channels at 48 kHz using 32 bits per sample (channel mask 0x3)
[2021.10.11-19.09.15:681][651]LogInit: FAudioDevice initialized.
[2021.10.11-19.09.15:723][651]LogLoad: Game class is 'myGameMode_C'
[2021.10.11-19.09.15:729][651]LogWorld: Bringing World /Game/мар/Level_06/UEDPIE_0_level_06.level_06 up for play (max tick rate 0) at 2021.10.11-22.09.15
[2021.10.11-19.09.15:730][651]LogWorld: Bringing up level for play took: 0.005804
[2021.10.11-19.09.15:742][651]LogSpawn: Warning: SpawnActor failed because no class was specified
[2021.10.11-19.09.15:746][651]LogContentBrowser: Native class hierarchy updated for 'MovieSceneCapture' in 0.0003 seconds. Added 10 classes and 0 folders.
[2021.10.11-19.09.15:763][651]PIE: Play in editor start time for /Game/мар/Level_06/UEDPIE_0_level_06 0,706
[2021.10.11-19.09.15:763][651]LogBlueprintUserMessages: Late PlayInEditor Detection: Level '/Game/мар/Level_06/level_06.level_06:PersistentLevel' has LevelScriptBlueprint '/Game/мар/Level_06/level_06.level_06:PersistentLevel.level_06' with GeneratedClass '/Game/мар/Level_06/level_06.level_06_C' with ClassGeneratedBy '/Game/мар/Level_06/level_06.level_06:PersistentLevel.level_06'
[2021.10.11-19.09.28:777][211]LogSlate: FSceneViewport::OnFocusLost() reason 0
[2021.10.11-19.09.30:652][436]LogSlate: FSceneViewport::OnFocusLost() reason 0
[2021.10.11-19.09.33:918][828]LogSlate: FSceneViewport::OnFocusLost() reason 0
[2021.10.11-19.09.38:828][417]PIE: UWidget::RemoveFromParent() called on '/Engine/Transient.UnrealEdEngine_0:myGameInstance_C_0.UI_my_inventory_item_C_2' which has no UMG parent (if it was added directly to a native Slate widget via TakeWidget() then it must be removed explicitly rather than via RemoveFromParent())
[2021.10.11-19.09.39:919][548]PIE: UWidget::RemoveFromParent() called on '/Engine/Transient.UnrealEdEngine_0:myGameInstance_C_0.UI_my_inventory_item_C_2' which has no UMG parent (if it was added directly to a native Slate widget via TakeWidget() then it must be removed explicitly rather than via RemoveFromParent())
[2021.10.11-19.09.41:186][700]LogSlate: FSceneViewport::OnFocusLost() reason 0
[2021.10.11-19.09.43:603][990]LogSlate: FSceneViewport::OnFocusLost() reason 0
[2021.10.11-19.09.49:711][723]LogSlate: FSceneViewport::OnFocusLost() reason 0
[2021.10.11-19.09.51:879][983]LogBlueprintUserMessages: Early EndPlayMap Detection: Level '/Game/мар/Level_06/level_06.level_06:PersistentLevel' has LevelScriptBlueprint '/Game/мар/Level_06/level_06.level_06:PersistentLevel.level_06' with GeneratedClass '/Game/мар/Level_06/level_06.level_06_C' with ClassGeneratedBy '/Game/мар/Level_06/level_06.level_06:PersistentLevel.level_06'
[2021.10.11-19.09.51:880][983]LogSlate: Updating window title bar state: overlay mode, drag disabled, window buttons hidden, title bar hidden
[2021.10.11-19.09.51:915][983]LogPlayLevel: Display: Shutting down PIE online subsystems
[2021.10.11-19.09.51:915][983]LogBlueprintUserMessages: Late EndPlayMap Detection: Level '/Game/мар/Level_06/level_06.level_06:PersistentLevel' has LevelScriptBlueprint '/Game/мар/Level_06/level_06.level_06:PersistentLevel.level_06' with GeneratedClass '/Game/мар/Level_06/level_06.level_06_C' with ClassGeneratedBy '/Game/мар/Level_06/level_06.level_06:PersistentLevel.level_06'
[2021.10.11-19.09.51:940][983]LogSlate: Updating window title bar state: overlay mode, drag disabled, window buttons hidden, title bar hidden
[2021.10.11-19.09.51:981][986]LogPlayLevel: Display: Destroying online subsystem :Context_4
[2021.10.11-19.09.54:807][325]LogSlate: FSceneViewport::OnFocusLost() reason 0
[2021.10.11-19.09.55:125][337]LogActorComponent: UnregisterComponent: (/Engine/Transient.EditorFloorComp) Not registered. Aborting.
[2021.10.11-19.09.55:171][337]LogSlate: Window 'MyProject - Unreal Editor' being destroyed
[2021.10.11-19.09.55:172][337]LogWindowsTextInputMethodSystem: Display: IME system now deactivated.
[2021.10.11-19.09.55:352][338]Cmd: QUIT_EDITOR
[2021.10.11-19.09.56:264][338]LogExit: Preparing to exit.
[2021.10.11-19.09.56:828][338]LogExit: Editor shut down
[2021.10.11-19.09.56:828][338]LogExit: Transaction tracking system shut down
[2021.10.11-19.09.57:105][338]LogExit: Object subsystem successfully closed.
[2021.10.11-19.09.57:121][338]LogShaderCompilers: Display: Shaders left to compile 0
[2021.10.11-19.09.57:123][338]LogD3D11RHI: Shutdown
[2021.10.11-19.09.57:123][338]LogD3D11RHI: CleanupD3DDevice
[2021.10.11-19.09.57:124][338]LogD3D11RHI: ~FD3D11DynamicRHI
[2021.10.11-19.09.57:142][338]LogModuleManager: Shutting down and abandoning module MovieSceneCapture (618)
[2021.10.11-19.09.57:142][338]LogModuleManager: Shutting down and abandoning module Voice (616)
[2021.10.11-19.09.57:142][338]LogModuleManager: Shutting down and abandoning module BlueprintGraph (614)
[2021.10.11-19.09.57:142][338]LogModuleManager: Shutting down and abandoning module HierarchicalLODOutliner (612)
[2021.10.11-19.09.57:142][338]LogModuleManager: Shutting down and abandoning module WorldBrowser (610)
[2021.10.11-19.09.57:142][338]LogModuleManager: Shutting down and abandoning module SceneOutliner (608)
[2021.10.11-19.09.57:142][338]LogModuleManager: Shutting down and abandoning module AddContentDialog (606)
[2021.10.11-19.09.57:142][338]LogModuleManager: Shutting down and abandoning module WidgetCarousel (605)
[2021.10.11-19.09.57:142][338]LogModuleManager: Shutting down and abandoning module EditorWidgets (602)
[2021.10.11-19.09.57:142][338]LogModuleManager: Shutting down and abandoning module CollectionManager (600)
[2021.10.11-19.09.57:143][338]LogModuleManager: Shutting down and abandoning module StatsViewer (598)
[2021.10.11-19.09.57:143][338]LogModuleManager: Shutting down and abandoning module FoliageEdit (596)
[2021.10.11-19.09.57:143][338]LogModuleManager: Shutting down and abandoning module LandscapeEditor (594)
[2021.10.11-19.09.57:143][338]LogModuleManager: Shutting down and abandoning module MeshPaintMode (592)
[2021.10.11-19.09.57:143][338]LogModuleManager: Shutting down and abandoning module SceneDepthPickerMode (590)
[2021.10.11-19.09.57:143][338]LogModuleManager: Shutting down and abandoning module ActorPickerMode (588)
[2021.10.11-19.09.57:143][338]LogModuleManager: Shutting down and abandoning module GeometryMode (586)
[2021.10.11-19.09.57:143][338]LogModuleManager: Shutting down and abandoning module TextureAlignMode (584)
[2021.10.11-19.09.57:143][338]LogModuleManager: Shutting down and abandoning module BspMode (582)
[2021.10.11-19.09.57:143][338]LogModuleManager: Shutting down and abandoning module PIEPreviewDeviceProfileSelector (580)
[2021.10.11-19.09.57:143][338]LogModuleManager: Shutting down and abandoning module SequenceRecorderSections (578)
[2021.10.11-19.09.57:143][338]LogModuleManager: Shutting down and abandoning module AutomationWorker (576)
[2021.10.11-19.09.57:143][338]LogModuleManager: Shutting down and abandoning module AudioCaptureEditor (574)
[2021.10.11-19.09.57:143][338]LogModuleManager: Shutting down and abandoning module SequenceRecorder (573)
[2021.10.11-19.09.57:143][338]LogModuleManager: Shutting down and abandoning module MatineeToLevelSequence (570)
[2021.10.11-19.09.57:143][338]LogModuleManager: Shutting down and abandoning module LevelSequenceEditor (568)
[2021.10.11-19.09.57:143][338]LogModuleManager: Shutting down and abandoning module PlacementMode (567)
[2021.10.11-19.09.57:143][338]LogModuleManager: Shutting down and abandoning module MaterialEditor (566)
[2021.10.11-19.09.57:143][338]LogModuleManager: Shutting down and abandoning module WmfMediaFactory (562)
[2021.10.11-19.09.57:143][338]LogModuleManager: Shutting down and abandoning module WmfMediaEditor (560)
[2021.10.11-19.09.57:143][338]LogModuleManager: Shutting down and abandoning module MediaPlayerEditor (558)
[2021.10.11-19.09.57:143][338]LogModuleManager: Shutting down and abandoning module OpenExrWrapper (556)
[2021.10.11-19.09.57:143][338]LogModuleManager: Shutting down and abandoning module ImgMediaFactory (554)
[2021.10.11-19.09.57:143][338]LogModuleManager: Shutting down and abandoning module ImgMediaEditor (552)
[2021.10.11-19.09.57:143][338]LogModuleManager: Shutting down and abandoning module AvfMediaFactory (550)
[2021.10.11-19.09.57:143][338]LogModuleManager: Shutting down and abandoning module AvfMediaEditor (548)
[2021.10.11-19.09.57:143][338]LogModuleManager: Shutting down and abandoning module AndroidMediaFactory (546)
[2021.10.11-19.09.57:143][338]LogModuleManager: Shutting down and abandoning module AndroidMediaEditor (544)
[2021.10.11-19.09.57:143][338]LogModuleManager: Shutting down and abandoning module MagicLeapCameraPreviewFactory (542)
[2021.10.11-19.09.57:143][338]LogModuleManager: Shutting down and abandoning module MagicLeapMediaFactory (540)
[2021.10.11-19.09.57:143][338]LogModuleManager: Shutting down and abandoning module MagicLeapMediaEditor (538)
[2021.10.11-19.09.57:143][338]LogModuleManager: Shutting down and abandoning module CharacterAI (536)
[2021.10.11-19.09.57:143][338]LogModuleManager: Shutting down and abandoning module SmartSnapping (534)
[2021.10.11-19.09.57:143][338]LogModuleManager: Shutting down and abandoning module SessionServices (532)
[2021.10.11-19.09.57:143][338]LogModuleManager: Shutting down and abandoning module ViewportSnapping (530)
[2021.10.11-19.09.57:143][338]LogModuleManager: Shutting down and abandoning module ViewportInteraction (528)
[2021.10.11-19.09.57:143][338]LogModuleManager: Shutting down and abandoning module ClothPainter (526)
[2021.10.11-19.09.57:143][338]LogModuleManager: Shutting down and abandoning module SkeletalMeshEditor (525)
[2021.10.11-19.09.57:143][338]LogModuleManager: Shutting down and abandoning module LogVisualizer (522)
[2021.10.11-19.09.57:143][338]LogModuleManager: Shutting down and abandoning module IntroTutorials (520)
[2021.10.11-19.09.57:143][338]LogModuleManager: Shutting down and abandoning module GameProjectGeneration (519)
[2021.10.11-19.09.57:143][338]LogModuleManager: Shutting down and abandoning module LuminPlatformEditor (516)
[2021.10.11-19.09.57:143][338]LogModuleManager: Shutting down and abandoning module IOSPlatformEditor (514)
[2021.10.11-19.09.57:143][338]LogModuleManager: Shutting down and abandoning module HTML5PlatformEditor (512)
[2021.10.11-19.09.57:143][338]LogModuleManager: Shutting down and abandoning module AndroidPlatformEditor (510)
[2021.10.11-19.09.57:143][338]LogModuleManager: Shutting down and abandoning module AndroidDeviceDetection (509)
[2021.10.11-19.09.57:550][338]LogModuleManager: Shutting down and abandoning module WindowsPlatformEditor (506)
[2021.10.11-19.09.57:550][338]LogModuleManager: Shutting down and abandoning module LuminRuntimeSettings (504)
[2021.10.11-19.09.57:550][338]LogModuleManager: Shutting down and abandoning module IOSRuntimeSettings (502)
[2021.10.11-19.09.57:550][338]LogModuleManager: Shutting down and abandoning module AndroidRuntimeSettings (500)
[2021.10.11-19.09.57:550][338]LogModuleManager: Shutting down and abandoning module InputBindingEditor (498)
[2021.10.11-19.09.57:550][338]LogModuleManager: Shutting down and abandoning module MergeActors (496)
[2021.10.11-19.09.57:550][338]LogModuleManager: Shutting down and abandoning module LocalizationDashboard (494)
[2021.10.11-19.09.57:550][338]LogModuleManager: Shutting down and abandoning module LocalizationService (493)
[2021.10.11-19.09.57:550][338]LogModuleManager: Shutting down and abandoning module HardwareTargeting (490)
[2021.10.11-19.09.57:550][338]LogModuleManager: Shutting down and abandoning module DeviceProfileEditor (488)
[2021.10.11-19.09.57:550][338]LogModuleManager: Shutting down and abandoning module UndoHistory (486)
[2021.10.11-19.09.57:550][338]LogModuleManager: Shutting down and abandoning module XmlParser (484)
[2021.10.11-19.09.57:550][338]LogModuleManager: Shutting down and abandoning module Blutility (482)
[2021.10.11-19.09.57:550][338]LogModuleManager: Shutting down and abandoning module ProjectSettingsViewer (480)
[2021.10.11-19.09.57:550][338]LogModuleManager: Shutting down and abandoning module ProjectTargetPlatformEditor (479)
[2021.10.11-19.09.57:550][338]LogModuleManager: Shutting down and abandoning module EditorSettingsViewer (476)
[2021.10.11-19.09.57:550][338]LogModuleManager: Shutting down and abandoning module SettingsEditor (474)
[2021.10.11-19.09.57:550][338]LogModuleManager: Shutting down and abandoning module ProjectLauncher (472)
[2021.10.11-19.09.57:550][338]LogModuleManager: Shutting down and abandoning module SessionFrontend (470)
[2021.10.11-19.09.57:550][338]LogModuleManager: Shutting down and abandoning module ProfilerClient (468)
[2021.10.11-19.09.57:550][338]LogModuleManager: Shutting down and abandoning module DeviceManager (466)
[2021.10.11-19.09.57:550][338]LogModuleManager: Shutting down and abandoning module TargetDeviceServices (465)
[2021.10.11-19.09.57:602][338]LogModuleManager: Shutting down and abandoning module AutomationController (462)
[2021.10.11-19.09.57:602][338]LogModuleManager: Shutting down and abandoning module AutomationWindow (460)
[2021.10.11-19.09.57:602][338]LogModuleManager: Shutting down and abandoning module Layers (458)
[2021.10.11-19.09.57:602][338]LogModuleManager: Shutting down and abandoning module ComponentVisualizers (456)
[2021.10.11-19.09.57:602][338]LogModuleManager: Shutting down and abandoning module DetailCustomizations (454)
[2021.10.11-19.09.57:602][338]LogModuleManager: Shutting down and abandoning module PackagesDialog (452)
[2021.10.11-19.09.57:602][338]LogModuleManager: Shutting down and abandoning module Persona (450)
[2021.10.11-19.09.57:602][338]LogModuleManager: Shutting down and abandoning module AdvancedPreviewScene (449)
[2021.10.11-19.09.57:602][338]LogModuleManager: Shutting down and abandoning module AnimGraph (447)
[2021.10.11-19.09.57:602][338]LogModuleManager: Shutting down and abandoning module Kismet (444)
[2021.10.11-19.09.57:606][338]LogModuleManager: Shutting down and abandoning module GraphEditor (442)
[2021.10.11-19.09.57:606][338]LogModuleManager: Shutting down and abandoning module ClassViewer (440)
[2021.10.11-19.09.57:606][338]LogModuleManager: Shutting down and abandoning module Toolbox (438)
[2021.10.11-19.09.57:606][338]LogModuleManager: Shutting down and abandoning module ModuleUI (436)
[2021.10.11-19.09.57:606][338]LogModuleManager: Shutting down and abandoning module MovieSceneTools (434)
[2021.10.11-19.09.57:606][338]LogModuleManager: Shutting down and abandoning module OutputLog (432)
[2021.10.11-19.09.57:606][338]LogModuleManager: Shutting down and abandoning module GammaUI (430)
[2021.10.11-19.09.57:606][338]LogModuleManager: Shutting down and abandoning module Documentation (428)
[2021.10.11-19.09.57:606][338]LogModuleManager: Shutting down and abandoning module MovieSceneTracks (426)
[2021.10.11-19.09.57:606][338]LogModuleManager: Shutting down and abandoning module MovieScene (424)
[2021.10.11-19.09.57:606][338]LogModuleManager: Shutting down and abandoning module StreamingPauseRendering (422)
[2021.10.11-19.09.57:606][338]LogModuleManager: Shutting down and abandoning module LauncherPlatform (420)
[2021.10.11-19.09.57:606][338]LogModuleManager: Shutting down and abandoning module AnalyticsET (418)
[2021.10.11-19.09.57:606][338]LogModuleManager: Shutting down and abandoning module PortalServices (416)
[2021.10.11-19.09.57:606][338]LogModuleManager: Shutting down and abandoning module PortalRpc (414)
[2021.10.11-19.09.57:606][338]LogModuleManager: Shutting down and abandoning module MessagingRpc (412)
[2021.10.11-19.09.57:606][338]LogModuleManager: Shutting down and abandoning module AIModule (410)
[2021.10.11-19.09.57:606][338]LogModuleManager: Shutting down and abandoning module GameplayDebugger (409)
[2021.10.11-19.09.57:606][338]LogModuleManager: Shutting down and abandoning module AITestSuite (407)
[2021.10.11-19.09.57:606][338]LogModuleManager: Shutting down and abandoning module NavigationSystem (405)
[2021.10.11-19.09.57:606][338]LogModuleManager: Shutting down and abandoning module DesktopPlatform (402)
[2021.10.11-19.09.57:606][338]LogModuleManager: Shutting down and abandoning module ProfilerService (400)
[2021.10.11-19.09.57:673][338]LogModuleManager: Shutting down and abandoning module TaskGraph (398)
[2021.10.11-19.09.57:673][338]LogModuleManager: Shutting down and abandoning module SteamVRController (396)
[2021.10.11-19.09.57:673][338]LogModuleManager: Shutting down and abandoning module ProceduralMeshComponentEditor (394)
[2021.10.11-19.09.57:673][338]LogModuleManager: Shutting down and abandoning module ProceduralMeshComponent (392)
[2021.10.11-19.09.57:673][338]LogModuleManager: Shutting down and abandoning module OculusInput (390)
[2021.10.11-19.09.57:673][338]LogModuleManager: Shutting down and abandoning module MobilePatchingUtils (388)
[2021.10.11-19.09.57:673][338]LogModuleManager: Shutting down and abandoning module EditableMesh (386)
[2021.10.11-19.09.57:673][338]LogModuleManager: Shutting down and abandoning module CustomMeshComponent (384)
[2021.10.11-19.09.57:673][338]LogModuleManager: Shutting down and abandoning module CableComponent (382)
[2021.10.11-19.09.57:673][338]LogModuleManager: Shutting down and abandoning module AudioCapture (380)
[2021.10.11-19.09.57:673][338]LogModuleManager: Shutting down and abandoning module ArchVisCharacter (378)
[2021.10.11-19.09.57:673][338]LogModuleManager: Shutting down and abandoning module AndroidPermission (376)
[2021.10.11-19.09.57:673][338]LogModuleManager: Shutting down and abandoning module NUTUnrealEngine4 (374)
[2021.10.11-19.09.57:673][338]LogModuleManager: Shutting down and abandoning module NetcodeUnitTest (372)
[2021.10.11-19.09.57:673][338]LogModuleManager: Shutting down and abandoning module MediaCompositingEditor (370)
[2021.10.11-19.09.57:673][338]LogModuleManager: Shutting down and abandoning module MediaCompositing (368)
[2021.10.11-19.09.57:673][338]LogModuleManager: Shutting down and abandoning module LinearTimecode (366)
[2021.10.11-19.09.57:673][338]LogModuleManager: Shutting down and abandoning module ImgMedia (364)
[2021.10.11-19.09.57:676][338]LogModuleManager: Shutting down and abandoning module HTML5Networking (362)
[2021.10.11-19.09.57:676][338]LogModuleManager: Shutting down and abandoning module GeometryCacheTracks (360)
[2021.10.11-19.09.57:676][338]LogModuleManager: Shutting down and abandoning module GeometryCacheSequencer (358)
[2021.10.11-19.09.57:676][338]LogModuleManager: Shutting down and abandoning module BackChannel (356)
[2021.10.11-19.09.57:676][338]LogModuleManager: Shutting down and abandoning module AppleVision (354)
[2021.10.11-19.09.57:676][338]LogModuleManager: Shutting down and abandoning module AppleImageUtils (352)
[2021.10.11-19.09.57:676][338]LogModuleManager: Shutting down and abandoning module AlembicImporter (350)
[2021.10.11-19.09.57:676][338]LogModuleManager: Shutting down and abandoning module AlembicLibrary (349)
[2021.10.11-19.09.57:676][338]LogModuleManager: Shutting down and abandoning module GeometryCache (348)
[2021.10.11-19.09.57:676][338]LogModuleManager: Shutting down and abandoning module GeometryCacheEd (347)
[2021.10.11-19.09.57:676][338]LogModuleManager: Shutting down and abandoning module DatasmithContentEditor (342)
[2021.10.11-19.09.57:676][338]LogModuleManager: Shutting down and abandoning module DatasmithContent (340)
[2021.10.11-19.09.57:676][338]LogModuleManager: Shutting down and abandoning module SpeedTreeImporter (338)
[2021.10.11-19.09.57:676][338]LogModuleManager: Shutting down and abandoning module PluginBrowser (336)
[2021.10.11-19.09.57:676][338]LogModuleManager: Shutting down and abandoning module MobileLauncherProfileWizard (334)
[2021.10.11-19.09.57:676][338]LogModuleManager: Shutting down and abandoning module PolygonModeling (332)
[2021.10.11-19.09.57:676][338]LogModuleManager: Shutting down and abandoning module MeshEditor (330)
[2021.10.11-19.09.57:676][338]LogModuleManager: Shutting down and abandoning module CryptoKeysOpenSSL (328)
[2021.10.11-19.09.57:676][338]LogModuleManager: Shutting down and abandoning module CryptoKeys (326)
[2021.10.11-19.09.57:676][338]LogModuleManager: Shutting down and abandoning module VisualStudioSourceCodeAccess (324)
[2021.10.11-19.09.57:676][338]LogModuleManager: Shutting down and abandoning module VisualStudioCodeSourceCodeAccess (322)
[2021.10.11-19.09.57:676][338]LogModuleManager: Shutting down and abandoning module UObjectPlugin (320)
[2021.10.11-19.09.57:676][338]LogModuleManager: Shutting down and abandoning module SubversionSourceControl (318)
[2021.10.11-19.09.57:676][338]LogModuleManager: Shutting down and abandoning module PerforceSourceControl (316)
[2021.10.11-19.09.57:676][338]LogModuleManager: Shutting down and abandoning module GitSourceControl (314)
[2021.10.11-19.09.57:676][338]LogModuleManager: Shutting down and abandoning module SourceControl (313)
[2021.10.11-19.09.57:676][338]LogModuleManager: Shutting down and abandoning module CLionSourceCodeAccess (310)
[2021.10.11-19.09.57:676][338]LogModuleManager: Shutting down and abandoning module LightPropagationVolumeEditor (308)
[2021.10.11-19.09.57:676][338]LogModuleManager: Shutting down and abandoning module PaperTiledImporter (306)
[2021.10.11-19.09.57:676][338]LogModuleManager: Shutting down and abandoning module PaperSpriteSheetImporter (304)
[2021.10.11-19.09.57:676][338]LogModuleManager: Shutting down and abandoning module Paper2DEditor (302)
[2021.10.11-19.09.57:676][338]LogModuleManager: Shutting down and abandoning module MeshPaint (301)
[2021.10.11-19.09.57:676][338]LogModuleManager: Shutting down and abandoning module RuntimePhysXCooking (298)
[2021.10.11-19.09.57:676][338]LogModuleManager: Shutting down and abandoning module PhysXVehiclesEditor (296)
[2021.10.11-19.09.57:677][338]LogModuleManager: Shutting down and abandoning module PhysXVehicles (294)
[2021.10.11-19.09.57:677][338]LogModuleManager: Shutting down and abandoning module OculusEditor (292)
[2021.10.11-19.09.57:677][338]LogModuleManager: Shutting down and abandoning module LocationServicesBPLibrary (290)
[2021.10.11-19.09.57:677][338]LogModuleManager: Shutting down and abandoning module ImmediatePhysicsEditor (288)
[2021.10.11-19.09.57:677][338]LogModuleManager: Shutting down and abandoning module ImmediatePhysics (286)
[2021.10.11-19.09.57:677][338]LogModuleManager: Shutting down and abandoning module ActorSequence (284)
[2021.10.11-19.09.57:677][338]LogModuleManager: Shutting down and abandoning module UdpMessaging (282)
[2021.10.11-19.09.57:777][338]LogModuleManager: Shutting down and abandoning module TcpMessaging (280)
[2021.10.11-19.09.57:878][338]LogModuleManager: Shutting down and abandoning module MagicLeapAudio (278)
[2021.10.11-19.09.57:878][338]LogModuleManager: Shutting down and abandoning module GameplayTagsEditor (276)
[2021.10.11-19.09.57:878][338]LogModuleManager: Shutting down and abandoning module FacialAnimationEditor (274)
[2021.10.11-19.09.57:878][338]LogModuleManager: Shutting down and abandoning module FacialAnimation (272)
[2021.10.11-19.09.57:878][338]LogModuleManager: Shutting down and abandoning module DataValidation (270)
[2021.10.11-19.09.57:878][338]LogModuleManager: Shutting down and abandoning module AssetManagerEditor (268)
[2021.10.11-19.09.57:878][338]LogModuleManager: Shutting down and abandoning module LevelEditor (267)
[2021.10.11-19.09.57:878][338]LogModuleManager: Shutting down and abandoning module PixelInspectorModule (266)
[2021.10.11-19.09.57:878][338]LogModuleManager: Shutting down and abandoning module CommonMenuExtensions (264)
[2021.10.11-19.09.57:878][338]LogModuleManager: Shutting down and abandoning module MainFrame (262)
[2021.10.11-19.09.57:878][338]LogModuleManager: Shutting down and abandoning module HotReload (261)
[2021.10.11-19.09.57:879][338]LogModuleManager: Shutting down and abandoning module ContentBrowser (257)
[2021.10.11-19.09.57:879][338]LogModuleManager: Shutting down and abandoning module TreeMap (255)
[2021.10.11-19.09.57:879][338]LogModuleManager: Shutting down and abandoning module LightPropagationVolumeRuntime (252)
[2021.10.11-19.09.57:879][338]LogModuleManager: Shutting down and abandoning module AISupportModule (250)
[2021.10.11-19.09.57:879][338]LogModuleManager: Shutting down and abandoning module Paper2D (248)
[2021.10.11-19.09.57:879][338]LogModuleManager: Shutting down and abandoning module WindowsMoviePlayer (246)
[2021.10.11-19.09.57:879][338]LogModuleManager: Shutting down and abandoning module WmfMedia (244)
[2021.10.11-19.09.57:880][338]LogModuleManager: Shutting down and abandoning module Media (243)
[2021.10.11-19.09.57:887][338]LogModuleManager: Shutting down and abandoning module PacketHandler (240)
[2021.10.11-19.09.57:887][338]LogModuleManager: Shutting down and abandoning module ClothingSystemEditor (238)
[2021.10.11-19.09.57:887][338]LogModuleManager: Shutting down and abandoning module ClothingSystemRuntime (236)
[2021.10.11-19.09.57:887][338]LogModuleManager: Shutting down and abandoning module MediaAssets (234)
[2021.10.11-19.09.57:887][338]LogModuleManager: Shutting down and abandoning module Overlay (232)
[2021.10.11-19.09.57:887][338]LogModuleManager: Shutting down and abandoning module OverlayEditor (231)
[2021.10.11-19.09.57:887][338]LogModuleManager: Shutting down and abandoning module VREditor (228)
[2021.10.11-19.09.57:887][338]LogModuleManager: Shutting down and abandoning module StringTableEditor (226)
[2021.10.11-19.09.57:887][338]LogModuleManager: Shutting down and abandoning module GameplayTasksEditor (224)
[2021.10.11-19.09.57:887][338]LogModuleManager: Shutting down and abandoning module BehaviorTreeEditor (222)
[2021.10.11-19.09.57:887][338]LogModuleManager: Shutting down and abandoning module FunctionalTesting (220)
[2021.10.11-19.09.57:887][338]LogModuleManager: Shutting down and abandoning module CollisionAnalyzer (218)
[2021.10.11-19.09.57:887][338]LogModuleManager: Shutting down and abandoning module WorkspaceMenuStructure (217)
[2021.10.11-19.09.57:887][338]LogModuleManager: Shutting down and abandoning module UMG (214)
[2021.10.11-19.09.57:887][338]LogModuleManager: Shutting down and abandoning module UMGEditor (213)
[2021.10.11-19.09.57:887][338]LogModuleManager: Shutting down and abandoning module Sequencer (212)
[2021.10.11-19.09.57:887][338]LogModuleManager: Shutting down and abandoning module MessageLog (209)
[2021.10.11-19.09.57:887][338]LogModuleManager: Shutting down and abandoning module SlateReflector (204)
[2021.10.11-19.09.57:887][338]LogModuleManager: Shutting down and abandoning module Slate (202)
[2021.10.11-19.09.57:887][338]LogModuleManager: Shutting down and abandoning module EditorStyle (200)
[2021.10.11-19.09.57:887][338]LogModuleManager: Shutting down and abandoning module MRMesh (198)
[2021.10.11-19.09.57:887][338]LogModuleManager: Shutting down and abandoning module SourceCodeAccess (196)
[2021.10.11-19.09.57:888][338]LogModuleManager: Shutting down and abandoning module HeadMountedDisplay (194)
[2021.10.11-19.09.57:888][338]LogModuleManager: Shutting down and abandoning module XAudio2 (192)
[2021.10.11-19.09.57:888][338]LogModuleManager: Shutting down and abandoning module Networking (190)
[2021.10.11-19.09.57:888][338]LogModuleManager: Shutting down and abandoning module Core (188)
[2021.10.11-19.09.57:888][338]LogModuleManager: Shutting down and abandoning module LevelSequence (186)
[2021.10.11-19.09.57:888][338]LogModuleManager: Shutting down and abandoning module KismetCompiler (184)
[2021.10.11-19.09.57:888][338]LogModuleManager: Shutting down and abandoning module MeshUtilities (182)
[2021.10.11-19.09.57:888][338]LogModuleManager: Shutting down and abandoning module MeshMergeUtilities (181)
[2021.10.11-19.09.57:888][338]LogModuleManager: Shutting down and abandoning module MeshReductionInterface (180)
[2021.10.11-19.09.57:888][338]LogModuleManager: Shutting down and abandoning module SimplygonSwarm (179)
[2021.10.11-19.09.57:888][338]LogModuleManager: Shutting down and abandoning module ProxyLODMeshReduction (177)
[2021.10.11-19.09.57:888][338]LogModuleManager: Shutting down and abandoning module SimplygonMeshReduction (175)
[2021.10.11-19.09.57:888][338]LogModuleManager: Shutting down and abandoning module QuadricMeshReduction (173)
[2021.10.11-19.09.57:888][338]LogModuleManager: Shutting down and abandoning module MaterialBaking (169)
[2021.10.11-19.09.57:888][338]LogModuleManager: Shutting down and abandoning module DirectoryWatcher (165)
[2021.10.11-19.09.57:888][338]LogModuleManager: Shutting down and abandoning module DerivedDataCache (162)
[2021.10.11-19.09.58:298][338]LogDerivedDataCache: Shutdown
[2021.10.11-19.09.58:298][338]LogModuleManager: Shutting down and abandoning module XGEController (160)
[2021.10.11-19.09.58:298][338]LogModuleManager: Shutting down and abandoning module TargetPlatform (158)
[2021.10.11-19.09.58:298][338]LogModuleManager: Shutting down and abandoning module VulkanShaderFormat (157)
[2021.10.11-19.09.58:298][338]LogModuleManager: Shutting down and abandoning module ShaderFormatVectorVM (155)
[2021.10.11-19.09.58:298][338]LogModuleManager: Shutting down and abandoning module ShaderFormatOpenGL (153)
[2021.10.11-19.09.58:298][338]LogModuleManager: Shutting down and abandoning module ShaderFormatD3D (151)
[2021.10.11-19.09.58:298][338]LogModuleManager: Shutting down and abandoning module MetalShaderFormat (149)
[2021.10.11-19.09.58:298][338]LogModuleManager: Shutting down and abandoning module TextureFormatUncompressed (147)
[2021.10.11-19.09.58:298][338]LogModuleManager: Shutting down and abandoning module TextureFormatPVR (145)
[2021.10.11-19.09.58:298][338]LogModuleManager: Shutting down and abandoning module TextureFormatDXT (143)
[2021.10.11-19.09.58:298][338]LogModuleManager: Shutting down and abandoning module TextureFormatIntelISPCTexComp (141)
[2021.10.11-19.09.58:299][338]LogModuleManager: Shutting down and abandoning module TextureFormatASTC (139)
[2021.10.11-19.09.58:299][338]LogModuleManager: Shutting down and abandoning module ImageWrapper (138)
[2021.10.11-19.09.58:299][338]LogModuleManager: Shutting down and abandoning module TextureFormatAndroid (135)
[2021.10.11-19.09.58:299][338]LogModuleManager: Shutting down and abandoning module AudioFormatOpus (133)
[2021.10.11-19.09.58:299][338]LogModuleManager: Shutting down and abandoning module AudioFormatOgg (131)
[2021.10.11-19.09.58:299][338]LogModuleManager: Shutting down and abandoning module AudioFormatADPCM (129)
[2021.10.11-19.09.58:299][338]LogModuleManager: Shutting down and abandoning module LuminTargetPlatform (127)
[2021.10.11-19.09.58:299][338]LogModuleManager: Shutting down and abandoning module LinuxTargetPlatform (125)
[2021.10.11-19.09.58:299][338]LogModuleManager: Shutting down and abandoning module LinuxServerTargetPlatform (123)
[2021.10.11-19.09.58:299][338]LogModuleManager: Shutting down and abandoning module LinuxNoEditorTargetPlatform (121)
[2021.10.11-19.09.58:299][338]LogModuleManager: Shutting down and abandoning module LinuxClientTargetPlatform (119)
[2021.10.11-19.09.58:299][338]LogModuleManager: Shutting down and abandoning module TVOSTargetPlatform (117)
[2021.10.11-19.09.58:299][338]LogModuleManager: Shutting down and abandoning module Messaging (115)
[2021.10.11-19.09.58:299][338]LogModuleManager: Shutting down and abandoning module IOSTargetPlatform (113)
[2021.10.11-19.09.58:300][338]LogModuleManager: Shutting down and abandoning module HTML5TargetPlatform (111)
[2021.10.11-19.09.58:300][338]LogModuleManager: Shutting down and abandoning module AndroidTargetPlatform (109)
[2021.10.11-19.09.58:304][338]LogModuleManager: Shutting down and abandoning module WindowsTargetPlatform (107)
[2021.10.11-19.09.58:304][338]LogModuleManager: Shutting down and abandoning module WindowsServerTargetPlatform (105)
[2021.10.11-19.09.58:304][338]LogModuleManager: Shutting down and abandoning module WindowsNoEditorTargetPlatform (103)
[2021.10.11-19.09.58:304][338]LogModuleManager: Shutting down and abandoning module WindowsClientTargetPlatform (101)
[2021.10.11-19.09.58:304][338]LogModuleManager: Shutting down and abandoning module MacTargetPlatform (99)
[2021.10.11-19.09.58:304][338]LogModuleManager: Shutting down and abandoning module MacServerTargetPlatform (97)
[2021.10.11-19.09.58:304][338]LogModuleManager: Shutting down and abandoning module MacNoEditorTargetPlatform (95)
[2021.10.11-19.09.58:304][338]LogModuleManager: Shutting down and abandoning module MacClientTargetPlatform (93)
[2021.10.11-19.09.58:304][338]LogModuleManager: Shutting down and abandoning module AllDesktopTargetPlatform (91)
[2021.10.11-19.09.58:304][338]LogModuleManager: Shutting down and abandoning module InputCore (88)
[2021.10.11-19.09.58:304][338]LogModuleManager: Shutting down and abandoning module Settings (86)
[2021.10.11-19.09.58:304][338]LogModuleManager: Shutting down and abandoning module PhysXCooking (84)
[2021.10.11-19.09.58:304][338]LogModuleManager: Shutting down and abandoning module SteamVR (82)
[2021.10.11-19.09.58:304][338]LogModuleManager: Shutting down and abandoning module OculusHMD (80)
[2021.10.11-19.09.58:304][338]LogModuleManager: Shutting down and abandoning module ExampleDeviceProfileSelector (78)
[2021.10.11-19.09.58:304][338]LogModuleManager: Shutting down and abandoning module LauncherChunkInstaller (76)
[2021.10.11-19.09.58:304][338]LogModuleManager: Shutting down and abandoning module OnlineBlueprintSupport (74)
[2021.10.11-19.09.58:304][338]LogModuleManager: Shutting down and abandoning module OnlineSubsystem (70)
[2021.10.11-19.09.58:305][338]LogModuleManager: Shutting down and abandoning module XMPP (65)
[2021.10.11-19.09.58:305][338]LogModuleManager: Shutting down and abandoning module WebSockets (64)
[2021.10.11-19.09.58:316][338]LogModuleManager: Shutting down and abandoning module HTTP (61)
[2021.10.11-19.09.58:316][338]LogHttp: Display: Http module shutting down, but needs to wait on 1 outstanding Http requests:
[2021.10.11-19.09.58:316][338]LogHttp: Display: 	verb=[POST] url=[https://datarouter.ol.epicgames.com/datarouter/api/v1/public/data?SessionID=%7B9CA54DB0-4C65-2252-F971-5682622CBD1D%7D&AppID=UEEditor.Rocket.Release&AppVersion=4.20.1-4233996%2B%2B%2BUE4%2BRelease-4.20&UserID=831df9b14c44f070229ca1a1f6c176cd%7Cbdd3274c53d94f5bb40a7a174d0ae70e%7C61fe3d0d-d83a-4d06-932b-edc6051e1f64&AppEnvironment=datacollector-binary&UploadType=eteventstream] status=Processing
[2021.10.11-19.09.58:334][338]LogModuleManager: Shutting down and abandoning module SSL (60)
[2021.10.11-19.09.58:335][338]LogModuleManager: Shutting down and abandoning module MagicLeapEmulator (56)
[2021.10.11-19.09.58:335][338]LogModuleManager: Shutting down and abandoning module MagicLeapPrivileges (54)
[2021.10.11-19.09.58:335][338]LogModuleManager: Shutting down and abandoning module MagicLeapIdentity (52)
[2021.10.11-19.09.58:335][338]LogModuleManager: Shutting down and abandoning module MagicLeapHelperVulkan (50)
[2021.10.11-19.09.58:335][338]LogModuleManager: Shutting down and abandoning module MagicLeapHelperOpenGL (48)
[2021.10.11-19.09.58:335][338]LogModuleManager: Shutting down and abandoning module MagicLeapSecureStorage (46)
[2021.10.11-19.09.58:335][338]LogModuleManager: Shutting down and abandoning module MagicLeapGestures (44)
[2021.10.11-19.09.58:335][338]LogModuleManager: Shutting down and abandoning module MagicLeapEyeTracker (42)
[2021.10.11-19.09.58:335][338]LogModuleManager: Shutting down and abandoning module MagicLeapController (40)
[2021.10.11-19.09.58:335][338]LogSlate: Slate User Destroyed.  User Index 0, Is Virtual User: 0
[2021.10.11-19.09.58:335][338]LogModuleManager: Shutting down and abandoning module MagicLeap (38)
[2021.10.11-19.09.58:335][338]LogModuleManager: Shutting down and abandoning module AnimationModifiers (36)
[2021.10.11-19.09.58:335][338]LogModuleManager: Shutting down and abandoning module PropertyEditor (35)
[2021.10.11-19.09.58:335][338]LogModuleManager: Shutting down and abandoning module AudioEditor (32)
[2021.10.11-19.09.58:335][338]LogModuleManager: Shutting down and abandoning module TextureCompressor (30)
[2021.10.11-19.09.58:336][338]LogModuleManager: Shutting down and abandoning module ShaderCore (28)
[2021.10.11-19.09.58:336][338]LogModuleManager: Shutting down and abandoning module Landscape (26)
[2021.10.11-19.09.58:336][338]LogModuleManager: Shutting down and abandoning module SlateRHIRenderer (24)
[2021.10.11-19.09.58:336][338]LogModuleManager: Shutting down and abandoning module OpenGLDrv (22)
[2021.10.11-19.09.58:336][338]LogModuleManager: Shutting down and abandoning module D3D11RHI (20)
[2021.10.11-19.09.58:336][338]LogModuleManager: Shutting down and abandoning module AnimGraphRuntime (18)
[2021.10.11-19.09.58:336][338]LogModuleManager: Shutting down and abandoning module Renderer (16)
[2021.10.11-19.09.58:336][338]LogModuleManager: Shutting down and abandoning module Engine (14)
[2021.10.11-19.09.58:336][338]LogModuleManager: Shutting down and abandoning module CoreUObject (12)
[2021.10.11-19.09.58:336][338]LogModuleManager: Shutting down and abandoning module NetworkFile (10)
[2021.10.11-19.09.58:336][338]LogModuleManager: Shutting down and abandoning module CookedIterativeFile (8)
[2021.10.11-19.09.58:336][338]LogModuleManager: Shutting down and abandoning module StreamingFile (6)
[2021.10.11-19.09.58:336][338]LogModuleManager: Shutting down and abandoning module SandboxFile (4)
[2021.10.11-19.09.58:336][338]LogModuleManager: Shutting down and abandoning module PakFile (2)
[2021.10.11-19.09.58:340][338]LogExit: Exiting.
[2021.10.11-19.09.58:351][338]Log file closed, 10/11/21 22:09:58
